WARNING: KICAD8_SYMBOL_DIR environment variable is missing, so the default KiCad symbol libraries won't be searched. @ [/Users/jadenrhee/wigglecam-controller/<frozen importlib._bootstrap_external>:1026=>/Users/jadenrhee/wigglecam-controller/<frozen importlib._bootstrap>:488]
WARNING: KICAD6_SYMBOL_DIR environment variable is missing, so the default KiCad symbol libraries won't be searched. @ [/Users/jadenrhee/wigglecam-controller/<frozen importlib._bootstrap_external>:1026=>/Users/jadenrhee/wigglecam-controller/<frozen importlib._bootstrap>:488]
WARNING: KICAD7_SYMBOL_DIR environment variable is missing, so the default KiCad symbol libraries won't be searched. @ [/Users/jadenrhee/wigglecam-controller/<frozen importlib._bootstrap_external>:1026=>/Users/jadenrhee/wigglecam-controller/<frozen importlib._bootstrap>:488]
WARNING: KICAD9_SYMBOL_DIR environment variable is missing, so the default KiCad symbol libraries won't be searched. @ [/Users/jadenrhee/wigglecam-controller/<frozen importlib._bootstrap_external>:1026=>/Users/jadenrhee/wigglecam-controller/<frozen importlib._bootstrap>:488]
WARNING: KICAD_SYMBOL_DIR environment variable is missing, so the default KiCad symbol libraries won't be searched. @ [/Users/jadenrhee/wigglecam-controller/<frozen importlib._bootstrap_external>:1026=>/Users/jadenrhee/wigglecam-controller/<frozen importlib._bootstrap>:488]
WARNING: fp-lib-table file was not found. Component footprints are not available.
WARNING: fp-lib-table file was not found. Component footprints are not available.
WARNING: fp-lib-table file was not found. Component footprints are not available.
WARNING: fp-lib-table file was not found. Component footprints are not available.
WARNING: Missing tag on BSMD1812-300 instantiated at /Users/jadenrhee/wigglecam-controller/hardware/skidl/circuit.py:48.
WARNING: Random tag dUq0oMFiwB generated for BSMD1812-300.
WARNING: Missing tag on AO3401A instantiated at /Users/jadenrhee/wigglecam-controller/hardware/skidl/circuit.py:49.
WARNING: Random tag ent9KCaP0K generated for AO3401A.
WARNING: Missing tag on SS34 instantiated at /Users/jadenrhee/wigglecam-controller/hardware/skidl/circuit.py:50.
WARNING: Random tag l_2l2t9UNg generated for SS34.
WARNING: Missing tag on SS34 instantiated at /Users/jadenrhee/wigglecam-controller/hardware/skidl/circuit.py:50.
WARNING: Random tag kFXXy4JeA5 generated for SS34.
WARNING: Missing tag on C instantiated at /Users/jadenrhee/wigglecam-controller/hardware/skidl/parts.py:28.
WARNING: Random tag Flf70_oHQC generated for C.
WARNING: Missing tag on C instantiated at /Users/jadenrhee/wigglecam-controller/hardware/skidl/parts.py:28.
WARNING: Random tag 3yDgNhoNSx generated for C.
WARNING: Missing tag on C instantiated at /Users/jadenrhee/wigglecam-controller/hardware/skidl/parts.py:28.
WARNING: Random tag _20mfO2YvG generated for C.
WARNING: Missing tag on AP2112K-3.3 instantiated at /Users/jadenrhee/wigglecam-controller/hardware/skidl/circuit.py:71.
WARNING: Random tag fg5nlErzks generated for AP2112K-3.3.
WARNING: Missing tag on C instantiated at /Users/jadenrhee/wigglecam-controller/hardware/skidl/parts.py:28.
WARNING: Random tag MBmCu2VnBK generated for C.
WARNING: Missing tag on C instantiated at /Users/jadenrhee/wigglecam-controller/hardware/skidl/parts.py:28.
WARNING: Random tag yyabHK_0LT generated for C.
WARNING: Missing tag on RP2040 instantiated at /Users/jadenrhee/wigglecam-controller/hardware/skidl/circuit.py:83.
WARNING: Random tag r9CLJ2kXrC generated for RP2040.
WARNING: Missing tag on W25Q128JVSIQ instantiated at /Users/jadenrhee/wigglecam-controller/hardware/skidl/circuit.py:84.
WARNING: Random tag A9urNGQ_NL generated for W25Q128JVSIQ.
WARNING: Missing tag on ABM8-272-T3 instantiated at /Users/jadenrhee/wigglecam-controller/hardware/skidl/circuit.py:85.
WARNING: Random tag ixpXepv38x generated for ABM8-272-T3.
WARNING: Missing tag on C instantiated at /Users/jadenrhee/wigglecam-controller/hardware/skidl/parts.py:28.
WARNING: Random tag 0lJOInTQkS generated for C.
WARNING: Missing tag on C instantiated at /Users/jadenrhee/wigglecam-controller/hardware/skidl/parts.py:28.
WARNING: Random tag PgDLfYp5aZ generated for C.
WARNING: Missing tag on C instantiated at /Users/jadenrhee/wigglecam-controller/hardware/skidl/parts.py:28.
WARNING: Random tag mUxSbsVuF8 generated for C.
WARNING: Missing tag on C instantiated at /Users/jadenrhee/wigglecam-controller/hardware/skidl/parts.py:28.
WARNING: Random tag Kqvn5OdAtC generated for C.
WARNING: Missing tag on C instantiated at /Users/jadenrhee/wigglecam-controller/hardware/skidl/parts.py:28.
WARNING: Random tag QZz23_6Oq8 generated for C.
WARNING: Missing tag on C instantiated at /Users/jadenrhee/wigglecam-controller/hardware/skidl/parts.py:28.
WARNING: Random tag Drnxl5qXYe generated for C.
WARNING: Missing tag on C instantiated at /Users/jadenrhee/wigglecam-controller/hardware/skidl/parts.py:28.
WARNING: Random tag oegAbedrTe generated for C.
WARNING: Missing tag on C instantiated at /Users/jadenrhee/wigglecam-controller/hardware/skidl/parts.py:28.
WARNING: Random tag lMV_t_cXJ_ generated for C.
WARNING: Missing tag on C instantiated at /Users/jadenrhee/wigglecam-controller/hardware/skidl/parts.py:28.
WARNING: Random tag IXaWFMcepn generated for C.
WARNING: Missing tag on C instantiated at /Users/jadenrhee/wigglecam-controller/hardware/skidl/parts.py:28.
WARNING: Random tag h3NDsqMwtc generated for C.
WARNING: Missing tag on C instantiated at /Users/jadenrhee/wigglecam-controller/hardware/skidl/parts.py:28.
WARNING: Random tag BejNmZrxw2 generated for C.
WARNING: Missing tag on C instantiated at /Users/jadenrhee/wigglecam-controller/hardware/skidl/parts.py:28.
WARNING: Random tag TKb5GAuqlN generated for C.
WARNING: Missing tag on C instantiated at /Users/jadenrhee/wigglecam-controller/hardware/skidl/parts.py:28.
WARNING: Random tag XRs7uLkKXg generated for C.
WARNING: Missing tag on R instantiated at /Users/jadenrhee/wigglecam-controller/hardware/skidl/parts.py:28.
WARNING: Random tag XlCJ6ypvL7 generated for R.
WARNING: Missing tag on C instantiated at /Users/jadenrhee/wigglecam-controller/hardware/skidl/parts.py:28.
WARNING: Random tag jvgE6acVzM generated for C.
WARNING: Missing tag on C instantiated at /Users/jadenrhee/wigglecam-controller/hardware/skidl/parts.py:28.
WARNING: Random tag BPceTkxGEB generated for C.
WARNING: Missing tag on R instantiated at /Users/jadenrhee/wigglecam-controller/hardware/skidl/parts.py:28.
WARNING: Random tag 8ZrT2z4muH generated for R.
WARNING: Missing tag on C instantiated at /Users/jadenrhee/wigglecam-controller/hardware/skidl/parts.py:28.
WARNING: Random tag vaWdYdAGzm generated for C.
WARNING: Missing tag on R instantiated at /Users/jadenrhee/wigglecam-controller/hardware/skidl/parts.py:28.
WARNING: Random tag 5NPNsZxSKF generated for R.
WARNING: Missing tag on TS-1187A instantiated at /Users/jadenrhee/wigglecam-controller/hardware/skidl/circuit.py:158.
WARNING: Random tag mvs4BhKFgH generated for TS-1187A.
WARNING: Missing tag on R instantiated at /Users/jadenrhee/wigglecam-controller/hardware/skidl/parts.py:28.
WARNING: Random tag dZ2pB9Fia9 generated for R.
WARNING: Missing tag on C instantiated at /Users/jadenrhee/wigglecam-controller/hardware/skidl/parts.py:28.
WARNING: Random tag j1OfdOTz5Q generated for C.
WARNING: Missing tag on TS-1187A instantiated at /Users/jadenrhee/wigglecam-controller/hardware/skidl/circuit.py:167.
WARNING: Random tag dq0PifF5VB generated for TS-1187A.
WARNING: Missing tag on SWD instantiated at /Users/jadenrhee/wigglecam-controller/hardware/skidl/circuit.py:176.
WARNING: Random tag HaunAhvNRg generated for SWD.
WARNING: Missing tag on TYPE-C-31-M-12 instantiated at /Users/jadenrhee/wigglecam-controller/hardware/skidl/circuit.py:188.
WARNING: Random tag QBMNoNZL0x generated for TYPE-C-31-M-12.
WARNING: Missing tag on USBLC6-2SC6 instantiated at /Users/jadenrhee/wigglecam-controller/hardware/skidl/circuit.py:189.
WARNING: Random tag R4c1dvcXZi generated for USBLC6-2SC6.
WARNING: Missing tag on R instantiated at /Users/jadenrhee/wigglecam-controller/hardware/skidl/parts.py:28.
WARNING: Random tag Jkp11Nf_35 generated for R.
WARNING: Missing tag on R instantiated at /Users/jadenrhee/wigglecam-controller/hardware/skidl/parts.py:28.
WARNING: Random tag X0KrjnJpit generated for R.
WARNING: Missing tag on R instantiated at /Users/jadenrhee/wigglecam-controller/hardware/skidl/parts.py:28.
WARNING: Random tag eTHTQLSn4l generated for R.
WARNING: Missing tag on R instantiated at /Users/jadenrhee/wigglecam-controller/hardware/skidl/parts.py:28.
WARNING: Random tag 1bTqZG3Btn generated for R.
WARNING: Missing tag on LM358DR2G instantiated at /Users/jadenrhee/wigglecam-controller/hardware/skidl/circuit.py:236.
WARNING: Random tag R670FnYABP generated for LM358DR2G.
WARNING: Missing tag on C instantiated at /Users/jadenrhee/wigglecam-controller/hardware/skidl/parts.py:28.
WARNING: Random tag Z5i2trI2Yj generated for C.
WARNING: Missing tag on R instantiated at /Users/jadenrhee/wigglecam-controller/hardware/skidl/parts.py:28.
WARNING: Random tag fbCGdumzth generated for R.
WARNING: Missing tag on R instantiated at /Users/jadenrhee/wigglecam-controller/hardware/skidl/parts.py:28.
WARNING: Random tag fNl9Sjxycx generated for R.
WARNING: Missing tag on C instantiated at /Users/jadenrhee/wigglecam-controller/hardware/skidl/parts.py:28.
WARNING: Random tag lUtMp7Rc9m generated for C.
WARNING: Missing tag on R instantiated at /Users/jadenrhee/wigglecam-controller/hardware/skidl/parts.py:28.
WARNING: Random tag 8UL0Fvkk3L generated for R.
WARNING: Missing tag on R instantiated at /Users/jadenrhee/wigglecam-controller/hardware/skidl/parts.py:28.
WARNING: Random tag hxmWWbKczF generated for R.
WARNING: Missing tag on AO3400A instantiated at /Users/jadenrhee/wigglecam-controller/hardware/skidl/circuit.py:252.
WARNING: Random tag 76Fk0wOogV generated for AO3400A.
WARNING: Missing tag on R instantiated at /Users/jadenrhee/wigglecam-controller/hardware/skidl/parts.py:28.
WARNING: Random tag wZMj31ahEU generated for R.
WARNING: Missing tag on R instantiated at /Users/jadenrhee/wigglecam-controller/hardware/skidl/parts.py:28.
WARNING: Random tag UaWDehTtL9 generated for R.
WARNING: Missing tag on R instantiated at /Users/jadenrhee/wigglecam-controller/hardware/skidl/parts.py:28.
WARNING: Random tag 9IhB52H09w generated for R.
WARNING: Missing tag on C instantiated at /Users/jadenrhee/wigglecam-controller/hardware/skidl/parts.py:28.
WARNING: Random tag Y4vqe3zm1c generated for C.
WARNING: Missing tag on LED1 instantiated at /Users/jadenrhee/wigglecam-controller/hardware/skidl/parts.py:28.
WARNING: Random tag rKXkMSHX7p generated for LED1.
WARNING: Missing tag on AO3400A instantiated at /Users/jadenrhee/wigglecam-controller/hardware/skidl/circuit.py:252.
WARNING: Random tag lcGy0TptLi generated for AO3400A.
WARNING: Missing tag on R instantiated at /Users/jadenrhee/wigglecam-controller/hardware/skidl/parts.py:28.
WARNING: Random tag ydJOCvXvrz generated for R.
WARNING: Missing tag on R instantiated at /Users/jadenrhee/wigglecam-controller/hardware/skidl/parts.py:28.
WARNING: Random tag f89ajm197p generated for R.
WARNING: Missing tag on R instantiated at /Users/jadenrhee/wigglecam-controller/hardware/skidl/parts.py:28.
WARNING: Random tag jHvXK4_qUo generated for R.
WARNING: Missing tag on C instantiated at /Users/jadenrhee/wigglecam-controller/hardware/skidl/parts.py:28.
WARNING: Random tag ocqEasISdy generated for C.
WARNING: Missing tag on LED2 instantiated at /Users/jadenrhee/wigglecam-controller/hardware/skidl/parts.py:28.
WARNING: Random tag mI_0fEBmtr generated for LED2.
WARNING: Missing tag on C instantiated at /Users/jadenrhee/wigglecam-controller/hardware/skidl/parts.py:28.
WARNING: Random tag KvtrK_Q68z generated for C.
WARNING: Missing tag on C instantiated at /Users/jadenrhee/wigglecam-controller/hardware/skidl/parts.py:28.
WARNING: Random tag GN3eLxQX6j generated for C.
WARNING: Missing tag on C instantiated at /Users/jadenrhee/wigglecam-controller/hardware/skidl/parts.py:28.
WARNING: Random tag 9PKN6lLLSU generated for C.
WARNING: Missing tag on INA219AIDCNR instantiated at /Users/jadenrhee/wigglecam-controller/hardware/skidl/circuit.py:281.
WARNING: Random tag XqzTaMTrrq generated for INA219AIDCNR.
WARNING: Missing tag on R_shunt instantiated at /Users/jadenrhee/wigglecam-controller/hardware/skidl/parts.py:28.
WARNING: Random tag A32bpjDrxd generated for R_shunt.
WARNING: Missing tag on VBAT_IN instantiated at /Users/jadenrhee/wigglecam-controller/hardware/skidl/parts.py:28.
WARNING: Random tag hCuxjq0iyi generated for VBAT_IN.
WARNING: Missing tag on VBAT_OUT instantiated at /Users/jadenrhee/wigglecam-controller/hardware/skidl/parts.py:28.
WARNING: Random tag t2q0RCX5Ks generated for VBAT_OUT.
WARNING: Missing tag on C instantiated at /Users/jadenrhee/wigglecam-controller/hardware/skidl/parts.py:28.
WARNING: Random tag mU8ZDTeUIL generated for C.
WARNING: Missing tag on R instantiated at /Users/jadenrhee/wigglecam-controller/hardware/skidl/parts.py:28.
WARNING: Random tag v3Og30qFXQ generated for R.
WARNING: Missing tag on R instantiated at /Users/jadenrhee/wigglecam-controller/hardware/skidl/parts.py:28.
WARNING: Random tag a4WZNzgj8j generated for R.
WARNING: Missing tag on SHUTTER instantiated at /Users/jadenrhee/wigglecam-controller/hardware/skidl/parts.py:28.
WARNING: Random tag pryF22mVfa generated for SHUTTER.
WARNING: Missing tag on PESD5V0S1BA instantiated at /Users/jadenrhee/wigglecam-controller/hardware/skidl/circuit.py:311.
WARNING: Random tag 0uG4iC3j2L generated for PESD5V0S1BA.
WARNING: Missing tag on R instantiated at /Users/jadenrhee/wigglecam-controller/hardware/skidl/parts.py:28.
WARNING: Random tag n9BIbnlDsg generated for R.
WARNING: Missing tag on R instantiated at /Users/jadenrhee/wigglecam-controller/hardware/skidl/parts.py:28.
WARNING: Random tag 6m0Wda1alH generated for R.
WARNING: Missing tag on C instantiated at /Users/jadenrhee/wigglecam-controller/hardware/skidl/parts.py:28.
WARNING: Random tag 9pDgOM8ZbT generated for C.
WARNING: Missing tag on EC11E18244AU instantiated at /Users/jadenrhee/wigglecam-controller/hardware/skidl/circuit.py:320.
WARNING: Random tag EYdpdJkpG5 generated for EC11E18244AU.
WARNING: Missing tag on R instantiated at /Users/jadenrhee/wigglecam-controller/hardware/skidl/parts.py:28.
WARNING: Random tag w54rznAkE0 generated for R.
WARNING: Missing tag on R instantiated at /Users/jadenrhee/wigglecam-controller/hardware/skidl/parts.py:28.
WARNING: Random tag m1f9dUk2b4 generated for R.
WARNING: Missing tag on C instantiated at /Users/jadenrhee/wigglecam-controller/hardware/skidl/parts.py:28.
WARNING: Random tag Ndl_KkmRYG generated for C.
WARNING: Missing tag on R instantiated at /Users/jadenrhee/wigglecam-controller/hardware/skidl/parts.py:28.
WARNING: Random tag pwLFU87BIg generated for R.
WARNING: Missing tag on R instantiated at /Users/jadenrhee/wigglecam-controller/hardware/skidl/parts.py:28.
WARNING: Random tag aGPu1OX1JB generated for R.
WARNING: Missing tag on C instantiated at /Users/jadenrhee/wigglecam-controller/hardware/skidl/parts.py:28.
WARNING: Random tag pUcdrPJ6uf generated for C.
WARNING: Missing tag on R instantiated at /Users/jadenrhee/wigglecam-controller/hardware/skidl/parts.py:28.
WARNING: Random tag GM8DpwHHJS generated for R.
WARNING: Missing tag on R instantiated at /Users/jadenrhee/wigglecam-controller/hardware/skidl/parts.py:28.
WARNING: Random tag ZABT9vH05G generated for R.
WARNING: Missing tag on C instantiated at /Users/jadenrhee/wigglecam-controller/hardware/skidl/parts.py:28.
WARNING: Random tag ibGf2l9PBF generated for C.
WARNING: Missing tag on WS2812B instantiated at /Users/jadenrhee/wigglecam-controller/hardware/skidl/circuit.py:333.
WARNING: Random tag ae8EHKvd0l generated for WS2812B.
WARNING: Missing tag on 1N4148W instantiated at /Users/jadenrhee/wigglecam-controller/hardware/skidl/circuit.py:334.
WARNING: Random tag WdYq0lYRrr generated for 1N4148W.
WARNING: Missing tag on C instantiated at /Users/jadenrhee/wigglecam-controller/hardware/skidl/parts.py:28.
WARNING: Random tag Fc2Kdh0gyY generated for C.
WARNING: Missing tag on R instantiated at /Users/jadenrhee/wigglecam-controller/hardware/skidl/parts.py:28.
WARNING: Random tag wpZIwZXTHa generated for R.
WARNING: Missing tag on LED_GREEN instantiated at /Users/jadenrhee/wigglecam-controller/hardware/skidl/circuit.py:349.
WARNING: Random tag mmB7RmFZcX generated for LED_GREEN.
WARNING: Missing tag on R instantiated at /Users/jadenrhee/wigglecam-controller/hardware/skidl/parts.py:28.
WARNING: Random tag SP9z19o7dJ generated for R.
WARNING: Missing tag on PI_HEADER_2x6 instantiated at /Users/jadenrhee/wigglecam-controller/hardware/skidl/circuit.py:358.
WARNING: Random tag pBNCpAyJoB generated for PI_HEADER_2x6.
WARNING: Missing tag on R instantiated at /Users/jadenrhee/wigglecam-controller/hardware/skidl/parts.py:28.
WARNING: Random tag CYQ9YLo3Oh generated for R.
WARNING: Missing tag on R instantiated at /Users/jadenrhee/wigglecam-controller/hardware/skidl/parts.py:28.
WARNING: Random tag G1vN7D0Ab2 generated for R.
WARNING: Missing tag on R instantiated at /Users/jadenrhee/wigglecam-controller/hardware/skidl/parts.py:28.
WARNING: Random tag KB5HA3mLX6 generated for R.
WARNING: Missing tag on R instantiated at /Users/jadenrhee/wigglecam-controller/hardware/skidl/parts.py:28.
WARNING: Random tag AOubyPgSVy generated for R.
WARNING: Missing tag on  instantiated at /Users/jadenrhee/wigglecam-controller/<frozen importlib._bootstrap>:488.
INFO: 201 warnings found while generating netlist.
INFO: 0 errors found while generating netlist.

