2026-07-02 16:02:45.594 [main] INFO  Freerouting v1.9.0 (build-date: 2023-10-30)
2026-07-02 16:02:46.642 [main] INFO  Opening 'wigglecam.dsn'...
2026-07-02 16:02:47.068 [ForkJoinPool.commonPool-worker-1] INFO  New version available: v2.2.4
2026-07-02 16:03:08.212 [Thread-28] INFO  Starting auto-routing...
2026-07-02 16:03:08.325 [Thread-28] WARN  FloatLine: Parameter is null
2026-07-02 16:03:08.328 [Thread-28] WARN  FloatLine: Parameter is null
2026-07-02 16:03:08.330 [Thread-28] WARN  FloatLine: Parameter is null
2026-07-02 16:03:08.333 [Thread-28] WARN  FloatLine: Parameter is null
2026-07-02 16:03:08.343 [Thread-28] WARN  FloatLine: Parameter is null
2026-07-02 16:03:08.347 [Thread-28] WARN  FloatLine: Parameter is null
2026-07-02 16:03:08.351 [Thread-28] WARN  FloatLine: Parameter is null
2026-07-02 16:03:23.329 [Thread-28] INFO  Auto-routing was completed in 15.12 seconds.
2026-07-02 16:03:23.434 [Thread-28] INFO  Starting route optimization on 1 thread...
2026-07-02 16:03:29.886 [Thread-28] INFO  Route optimization was completed in 6.45 seconds.
2026-07-02 16:03:29.894 [Thread-28] INFO  Saving 'wigglecam.ses'...
2026-07-02 16:05:42.440 [main] INFO  Freerouting v1.9.0 (build-date: 2023-10-30)
2026-07-02 16:05:42.467 [main] INFO  Settings were loaded from freerouting.json
2026-07-02 16:05:43.483 [main] INFO  Opening 'wigglecam.dsn'...
2026-07-02 16:05:43.791 [ForkJoinPool.commonPool-worker-1] INFO  New version available: v2.2.4
2026-07-02 16:06:05.117 [Thread-26] INFO  Starting auto-routing...
2026-07-02 16:06:05.245 [Thread-26] WARN  FloatLine: Parameter is null
2026-07-02 16:06:05.248 [Thread-26] WARN  FloatLine: Parameter is null
2026-07-02 16:06:05.251 [Thread-26] WARN  FloatLine: Parameter is null
2026-07-02 16:06:05.254 [Thread-26] WARN  FloatLine: Parameter is null
2026-07-02 16:06:05.260 [Thread-26] WARN  FloatLine: Parameter is null
2026-07-02 16:06:05.263 [Thread-26] WARN  FloatLine: Parameter is null
2026-07-02 16:06:05.269 [Thread-26] WARN  FloatLine: Parameter is null
2026-07-02 16:06:26.381 [Thread-26] WARN  There were only 18.95 changes in the last 20 passes, so it's very likely that autorouter can't improve the result much further. It is recommended to stop it and finish the board manually.
2026-07-02 16:06:45.270 [Thread-26] INFO  Auto-routing was completed in 40.15 seconds.
2026-07-02 16:06:45.372 [Thread-26] INFO  Starting route optimization on 1 thread...
2026-07-02 16:06:51.444 [Thread-26] INFO  Route optimization was completed in 6.07 seconds.
2026-07-02 16:06:51.451 [Thread-26] INFO  Saving 'wigglecam.ses'...
2026-07-02 16:10:07.612 [main] INFO  Freerouting v1.9.0 (build-date: 2023-10-30)
2026-07-02 16:10:07.633 [main] INFO  Settings were loaded from freerouting.json
2026-07-02 16:10:08.650 [main] INFO  Opening 'wigglecam.dsn'...
2026-07-02 16:10:08.941 [ForkJoinPool.commonPool-worker-1] INFO  New version available: v2.2.4
2026-07-02 16:10:30.562 [Thread-28] INFO  Starting auto-routing...
2026-07-02 16:10:30.673 [Thread-28] WARN  FloatLine: Parameter is null
2026-07-02 16:10:30.680 [Thread-28] WARN  FloatLine: Parameter is null
2026-07-02 16:10:30.682 [Thread-28] WARN  FloatLine: Parameter is null
2026-07-02 16:10:30.684 [Thread-28] WARN  FloatLine: Parameter is null
2026-07-02 16:10:30.687 [Thread-28] WARN  FloatLine: Parameter is null
2026-07-02 16:10:30.696 [Thread-28] WARN  FloatLine: Parameter is null
2026-07-02 16:10:30.698 [Thread-28] WARN  FloatLine: Parameter is null
2026-07-02 16:10:58.883 [Thread-28] WARN  There were only 18.75 changes in the last 20 passes, so it's very likely that autorouter can't improve the result much further. It is recommended to stop it and finish the board manually.
2026-07-02 16:11:04.053 [Thread-28] INFO  Auto-routing was completed in 33.49 seconds.
2026-07-02 16:11:04.159 [Thread-28] INFO  Starting route optimization on 1 thread...
2026-07-02 16:11:10.515 [Thread-28] INFO  Route optimization was completed in 6.36 seconds.
2026-07-02 16:11:10.528 [Thread-28] INFO  Saving 'wigglecam.ses'...
2026-07-02 16:12:00.947 [main] INFO  Freerouting v1.9.0 (build-date: 2023-10-30)
2026-07-02 16:12:00.967 [main] INFO  Settings were loaded from freerouting.json
2026-07-02 16:12:01.986 [main] INFO  Opening 'wigglecam.dsn'...
2026-07-02 16:12:02.309 [ForkJoinPool.commonPool-worker-1] INFO  New version available: v2.2.4
2026-07-02 16:12:23.789 [Thread-28] INFO  Starting auto-routing...
2026-07-02 16:12:23.900 [Thread-28] WARN  FloatLine: Parameter is null
2026-07-02 16:12:23.902 [Thread-28] WARN  FloatLine: Parameter is null
2026-07-02 16:12:23.904 [Thread-28] WARN  FloatLine: Parameter is null
2026-07-02 16:12:23.907 [Thread-28] WARN  FloatLine: Parameter is null
2026-07-02 16:12:23.919 [Thread-28] WARN  FloatLine: Parameter is null
2026-07-02 16:12:23.920 [Thread-28] WARN  FloatLine: Parameter is null
2026-07-02 16:12:23.922 [Thread-28] WARN  FloatLine: Parameter is null
2026-07-02 16:12:40.916 [Thread-28] WARN  There were only 18.65 changes in the last 20 passes, so it's very likely that autorouter can't improve the result much further. It is recommended to stop it and finish the board manually.
2026-07-02 16:12:49.908 [Thread-28] INFO  Auto-routing was completed in 26.11 seconds.
2026-07-02 16:12:50.019 [Thread-28] INFO  Starting route optimization on 1 thread...
2026-07-02 16:12:53.684 [Thread-28] INFO  Route optimization was completed in 3.66 seconds.
2026-07-02 16:12:53.691 [Thread-28] INFO  Saving 'wigglecam.ses'...
2026-07-02 16:14:04.768 [main] INFO  Freerouting v1.9.0 (build-date: 2023-10-30)
2026-07-02 16:14:04.794 [main] INFO  Settings were loaded from freerouting.json
2026-07-02 16:14:05.816 [main] INFO  Opening 'wigglecam.dsn'...
2026-07-02 16:14:06.201 [ForkJoinPool.commonPool-worker-1] INFO  New version available: v2.2.4
2026-07-02 16:14:27.728 [Thread-28] INFO  Starting auto-routing...
2026-07-02 16:14:27.832 [Thread-28] WARN  FloatLine: Parameter is null
2026-07-02 16:14:27.851 [Thread-28] WARN  FloatLine: Parameter is null
2026-07-02 16:14:27.853 [Thread-28] WARN  FloatLine: Parameter is null
2026-07-02 16:14:27.855 [Thread-28] WARN  FloatLine: Parameter is null
2026-07-02 16:14:27.857 [Thread-28] WARN  FloatLine: Parameter is null
2026-07-02 16:14:27.862 [Thread-28] WARN  FloatLine: Parameter is null
2026-07-02 16:14:27.871 [Thread-28] WARN  FloatLine: Parameter is null
2026-07-02 16:14:43.138 [Thread-28] WARN  There were only 19.90 changes in the last 20 passes, so it's very likely that autorouter can't improve the result much further. It is recommended to stop it and finish the board manually.
2026-07-02 16:14:46.572 [Thread-28] INFO  Auto-routing was completed in 18.84 seconds.
2026-07-02 16:14:46.678 [Thread-28] INFO  Starting route optimization on 1 thread...
2026-07-02 16:14:50.597 [Thread-28] INFO  Route optimization was completed in 3.92 seconds.
2026-07-02 16:14:50.604 [Thread-28] INFO  Saving 'wigglecam.ses'...
2026-07-02 16:15:53.190 [main] INFO  Freerouting v1.9.0 (build-date: 2023-10-30)
2026-07-02 16:15:53.217 [main] INFO  Settings were loaded from freerouting.json
2026-07-02 16:15:54.228 [main] INFO  Opening 'wigglecam.dsn'...
2026-07-02 16:15:54.631 [ForkJoinPool.commonPool-worker-1] INFO  New version available: v2.2.4
2026-07-02 16:16:16.339 [Thread-28] INFO  Starting auto-routing...
2026-07-02 16:16:16.452 [Thread-28] WARN  FloatLine: Parameter is null
2026-07-02 16:16:16.453 [Thread-28] WARN  FloatLine: Parameter is null
2026-07-02 16:16:16.455 [Thread-28] WARN  FloatLine: Parameter is null
2026-07-02 16:16:16.458 [Thread-28] WARN  FloatLine: Parameter is null
2026-07-02 16:16:16.465 [Thread-28] WARN  FloatLine: Parameter is null
2026-07-02 16:16:16.472 [Thread-28] WARN  FloatLine: Parameter is null
2026-07-02 16:16:16.476 [Thread-28] WARN  FloatLine: Parameter is null
2026-07-02 16:16:29.744 [Thread-28] WARN  There were only 19.45 changes in the last 20 passes, so it's very likely that autorouter can't improve the result much further. It is recommended to stop it and finish the board manually.
2026-07-02 16:16:33.410 [Thread-28] INFO  Auto-routing was completed in 17.07 seconds.
2026-07-02 16:16:33.515 [Thread-28] INFO  Starting route optimization on 1 thread...
2026-07-02 16:16:37.519 [Thread-28] INFO  Route optimization was completed in 4.00 seconds.
2026-07-02 16:16:37.527 [Thread-28] INFO  Saving 'wigglecam.ses'...
2026-07-02 16:17:27.433 [main] INFO  Freerouting v1.9.0 (build-date: 2023-10-30)
2026-07-02 16:17:27.455 [main] INFO  Settings were loaded from freerouting.json
2026-07-02 16:17:28.468 [main] INFO  Opening 'wigglecam.dsn'...
2026-07-02 16:17:28.892 [ForkJoinPool.commonPool-worker-1] INFO  New version available: v2.2.4
2026-07-02 16:17:50.321 [Thread-28] INFO  Starting auto-routing...
2026-07-02 16:17:50.473 [Thread-28] WARN  FloatLine: Parameter is null
2026-07-02 16:17:50.481 [Thread-28] WARN  FloatLine: Parameter is null
2026-07-02 16:17:50.483 [Thread-28] WARN  FloatLine: Parameter is null
2026-07-02 16:17:50.484 [Thread-28] WARN  FloatLine: Parameter is null
2026-07-02 16:17:50.487 [Thread-28] WARN  FloatLine: Parameter is null
2026-07-02 16:17:50.495 [Thread-28] WARN  FloatLine: Parameter is null
2026-07-02 16:17:50.498 [Thread-28] WARN  FloatLine: Parameter is null
2026-07-02 16:18:19.287 [Thread-28] WARN  There were only 19.25 changes in the last 20 passes, so it's very likely that autorouter can't improve the result much further. It is recommended to stop it and finish the board manually.
2026-07-02 16:18:28.504 [Thread-28] INFO  Auto-routing was completed in 38.18 seconds.
2026-07-02 16:18:28.611 [Thread-28] INFO  Starting route optimization on 1 thread...
2026-07-02 16:18:37.026 [Thread-28] INFO  Route optimization was completed in 8.41 seconds and it improved the design by ~0.62%.
2026-07-02 16:18:37.035 [Thread-28] INFO  Saving 'wigglecam.ses'...
2026-07-02 16:19:22.365 [main] INFO  Freerouting v1.9.0 (build-date: 2023-10-30)
2026-07-02 16:19:22.391 [main] INFO  Settings were loaded from freerouting.json
2026-07-02 16:19:23.411 [main] INFO  Opening 'wigglecam.dsn'...
2026-07-02 16:19:23.750 [ForkJoinPool.commonPool-worker-1] INFO  New version available: v2.2.4
2026-07-02 16:19:45.286 [Thread-28] INFO  Starting auto-routing...
2026-07-02 16:19:45.427 [Thread-28] WARN  FloatLine: Parameter is null
2026-07-02 16:19:45.430 [Thread-28] WARN  FloatLine: Parameter is null
2026-07-02 16:19:45.433 [Thread-28] WARN  FloatLine: Parameter is null
2026-07-02 16:19:45.434 [Thread-28] WARN  FloatLine: Parameter is null
2026-07-02 16:19:45.436 [Thread-28] WARN  FloatLine: Parameter is null
2026-07-02 16:19:45.438 [Thread-28] WARN  FloatLine: Parameter is null
2026-07-02 16:19:45.443 [Thread-28] WARN  FloatLine: Parameter is null
2026-07-02 16:20:05.505 [Thread-28] WARN  There were only 19.40 changes in the last 20 passes, so it's very likely that autorouter can't improve the result much further. It is recommended to stop it and finish the board manually.
2026-07-02 16:20:06.856 [Thread-28] INFO  Auto-routing was completed in 21.57 seconds.
2026-07-02 16:20:06.967 [Thread-28] INFO  Starting route optimization on 1 thread...
2026-07-02 16:20:13.069 [Thread-28] INFO  Route optimization was completed in 6.10 seconds.
2026-07-02 16:20:13.078 [Thread-28] INFO  Saving 'wigglecam.ses'...
2026-07-02 16:22:17.128 [main] INFO  Freerouting v1.9.0 (build-date: 2023-10-30)
2026-07-02 16:22:17.155 [main] INFO  Settings were loaded from freerouting.json
2026-07-02 16:22:18.188 [main] INFO  Opening 'wigglecam.dsn'...
2026-07-02 16:22:18.586 [ForkJoinPool.commonPool-worker-1] INFO  New version available: v2.2.4
2026-07-02 16:22:40.140 [Thread-28] INFO  Starting auto-routing...
2026-07-02 16:22:40.266 [Thread-28] WARN  FloatLine: Parameter is null
2026-07-02 16:22:40.277 [Thread-28] WARN  FloatLine: Parameter is null
2026-07-02 16:22:40.279 [Thread-28] WARN  FloatLine: Parameter is null
2026-07-02 16:22:40.281 [Thread-28] WARN  FloatLine: Parameter is null
2026-07-02 16:22:40.283 [Thread-28] WARN  FloatLine: Parameter is null
2026-07-02 16:22:40.290 [Thread-28] WARN  FloatLine: Parameter is null
2026-07-02 16:22:40.301 [Thread-28] WARN  FloatLine: Parameter is null
2026-07-02 16:23:16.530 [Thread-28] INFO  Auto-routing was completed in 36.39 seconds.
2026-07-02 16:23:16.639 [Thread-28] INFO  Starting route optimization on 1 thread...
2026-07-02 16:23:22.969 [Thread-28] INFO  Route optimization was completed in 6.33 seconds.
2026-07-02 16:23:22.977 [Thread-28] INFO  Saving 'wigglecam.ses'...
2026-07-02 16:24:33.667 [main] INFO  Freerouting v1.9.0 (build-date: 2023-10-30)
2026-07-02 16:24:33.696 [main] INFO  Settings were loaded from freerouting.json
2026-07-02 16:24:34.720 [main] INFO  Opening 'wigglecam.dsn'...
2026-07-02 16:24:35.034 [ForkJoinPool.commonPool-worker-1] INFO  New version available: v2.2.4
2026-07-02 16:24:35.234 [main] WARN  Wiring.read_via_scope: net with name 'USB_DP_CONN' not found at 'USB_DP_CONN'
2026-07-02 16:24:35.235 [main] WARN  Wiring.read_via_scope: net with name 'USB_DP_CONN' not found at 'USB_DP_CONN'
2026-07-02 16:24:35.236 [main] WARN  Wiring.read_via_scope: net with name 'USB_DM_CONN' not found at 'USB_DM_CONN'
2026-07-02 16:24:35.236 [main] WARN  Wiring.read_via_scope: net with name 'USB_DM_CONN' not found at 'USB_DM_CONN'
2026-07-02 16:24:35.236 [main] WARN  Wiring.read_via_scope: net with name 'USB_DM' not found at 'USB_DM'
2026-07-02 16:24:35.237 [main] WARN  Wiring.read_via_scope: net with name 'USB_DM' not found at 'USB_DM'
2026-07-02 16:35:08.647 [main] INFO  Freerouting v1.9.0 (build-date: 2023-10-30)
2026-07-02 16:35:08.671 [main] INFO  Settings were loaded from freerouting.json
2026-07-02 16:35:09.690 [main] INFO  Opening 'wigglecam.dsn'...
2026-07-02 16:35:10.095 [ForkJoinPool.commonPool-worker-1] INFO  New version available: v2.2.4
2026-07-02 16:35:31.539 [Thread-26] INFO  Starting auto-routing...
2026-07-02 16:36:02.818 [Thread-26] WARN  There were only 19.05 changes in the last 20 passes, so it's very likely that autorouter can't improve the result much further. It is recommended to stop it and finish the board manually.
2026-07-02 16:36:12.889 [Thread-26] INFO  Auto-routing was completed in 41.35 seconds.
2026-07-02 16:36:12.998 [Thread-26] INFO  Starting route optimization on 1 thread...
2026-07-02 16:36:15.394 [Thread-26] INFO  Route optimization was completed in 2.40 seconds.
2026-07-02 16:36:15.400 [Thread-26] INFO  Saving 'wigglecam.ses'...
2026-07-02 16:37:09.793 [main] INFO  Freerouting v1.9.0 (build-date: 2023-10-30)
2026-07-02 16:37:09.820 [main] INFO  Settings were loaded from freerouting.json
2026-07-02 16:37:10.836 [main] INFO  Opening 'wigglecam.dsn'...
2026-07-02 16:37:11.611 [ForkJoinPool.commonPool-worker-1] INFO  New version available: v2.2.4
2026-07-02 16:37:32.827 [Thread-26] INFO  Starting auto-routing...
2026-07-02 16:37:55.090 [Thread-26] WARN  There were only 17.65 changes in the last 20 passes, so it's very likely that autorouter can't improve the result much further. It is recommended to stop it and finish the board manually.
2026-07-02 16:38:05.549 [Thread-26] INFO  Auto-routing was completed in 32.72 seconds.
2026-07-02 16:38:05.655 [Thread-26] INFO  Starting route optimization on 1 thread...
2026-07-02 16:38:08.665 [Thread-26] INFO  Route optimization was completed in 3.01 seconds.
2026-07-02 16:38:08.684 [Thread-26] INFO  Saving 'wigglecam.ses'...
2026-07-02 16:39:27.364 [main] INFO  Freerouting v1.9.0 (build-date: 2023-10-30)
2026-07-02 16:39:27.391 [main] INFO  Settings were loaded from freerouting.json
2026-07-02 16:39:28.403 [main] INFO  Opening 'wigglecam.dsn'...
2026-07-02 16:39:28.816 [ForkJoinPool.commonPool-worker-1] INFO  New version available: v2.2.4
2026-07-02 16:39:50.385 [Thread-26] INFO  Starting auto-routing...
2026-07-02 16:39:50.527 [Thread-26] WARN  FloatLine: Parameter is null
2026-07-02 16:39:50.531 [Thread-26] WARN  FloatLine: Parameter is null
2026-07-02 16:39:50.536 [Thread-26] WARN  FloatLine: Parameter is null
2026-07-02 16:39:53.114 [Thread-26] WARN  FloatLine: Parameter is null
2026-07-02 16:39:55.444 [Thread-26] WARN  FloatLine: Parameter is null
2026-07-02 16:39:57.077 [Thread-26] WARN  FloatLine: Parameter is null
2026-07-02 16:39:58.845 [Thread-26] WARN  FloatLine: Parameter is null
2026-07-02 16:40:01.445 [Thread-26] WARN  FloatLine: Parameter is null
2026-07-02 16:40:03.362 [Thread-26] WARN  FloatLine: Parameter is null
2026-07-02 16:40:04.464 [Thread-26] WARN  FloatLine: Parameter is null
2026-07-02 16:40:05.646 [Thread-26] WARN  FloatLine: Parameter is null
2026-07-02 16:40:06.695 [Thread-26] WARN  FloatLine: Parameter is null
2026-07-02 16:40:08.075 [Thread-26] WARN  FloatLine: Parameter is null
2026-07-02 16:40:08.680 [Thread-26] WARN  FloatLine: Parameter is null
2026-07-02 16:40:09.491 [Thread-26] WARN  FloatLine: Parameter is null
2026-07-02 16:40:10.545 [Thread-26] WARN  FloatLine: Parameter is null
2026-07-02 16:40:11.349 [Thread-26] WARN  FloatLine: Parameter is null
2026-07-02 16:40:12.642 [Thread-26] WARN  FloatLine: Parameter is null
2026-07-02 16:40:13.275 [Thread-26] WARN  FloatLine: Parameter is null
2026-07-02 16:40:13.834 [Thread-26] WARN  FloatLine: Parameter is null
2026-07-02 16:40:14.766 [Thread-26] WARN  FloatLine: Parameter is null
2026-07-02 16:40:16.240 [Thread-26] WARN  FloatLine: Parameter is null
2026-07-02 16:40:16.795 [Thread-26] WARN  FloatLine: Parameter is null
2026-07-02 16:40:17.648 [Thread-26] WARN  FloatLine: Parameter is null
2026-07-02 16:40:18.017 [Thread-26] WARN  FloatLine: Parameter is null
2026-07-02 16:40:19.330 [Thread-26] WARN  FloatLine: Parameter is null
2026-07-02 16:40:20.174 [Thread-26] WARN  FloatLine: Parameter is null
2026-07-02 16:40:20.423 [Thread-26] WARN  FloatLine: Parameter is null
2026-07-02 16:40:20.670 [Thread-26] WARN  FloatLine: Parameter is null
2026-07-02 16:40:20.919 [Thread-26] WARN  FloatLine: Parameter is null
2026-07-02 16:40:21.167 [Thread-26] WARN  FloatLine: Parameter is null
2026-07-02 16:40:21.435 [Thread-26] WARN  FloatLine: Parameter is null
2026-07-02 16:40:21.671 [Thread-26] WARN  FloatLine: Parameter is null
2026-07-02 16:40:21.919 [Thread-26] WARN  FloatLine: Parameter is null
2026-07-02 16:40:22.148 [Thread-26] WARN  FloatLine: Parameter is null
2026-07-02 16:40:22.400 [Thread-26] WARN  FloatLine: Parameter is null
2026-07-02 16:40:22.652 [Thread-26] WARN  FloatLine: Parameter is null
2026-07-02 16:40:22.905 [Thread-26] WARN  FloatLine: Parameter is null
2026-07-02 16:40:23.200 [Thread-26] WARN  FloatLine: Parameter is null
2026-07-02 16:40:23.517 [Thread-26] WARN  FloatLine: Parameter is null
2026-07-02 16:40:23.801 [Thread-26] WARN  FloatLine: Parameter is null
2026-07-02 16:40:24.140 [Thread-26] WARN  FloatLine: Parameter is null
2026-07-02 16:40:24.382 [Thread-26] INFO  Auto-routing was completed in 33.99 seconds.
2026-07-02 16:40:24.486 [Thread-26] INFO  Starting route optimization on 1 thread...
2026-07-02 16:40:28.398 [Thread-26] INFO  Route optimization was completed in 3.91 seconds.
2026-07-02 16:40:28.407 [Thread-26] INFO  Saving 'wigglecam.ses'...
2026-07-02 16:41:47.588 [main] INFO  Freerouting v1.9.0 (build-date: 2023-10-30)
2026-07-02 16:41:47.614 [main] INFO  Settings were loaded from freerouting.json
2026-07-02 16:41:48.633 [main] INFO  Opening 'wigglecam.dsn'...
2026-07-02 16:41:49.055 [ForkJoinPool.commonPool-worker-1] INFO  New version available: v2.2.4
2026-07-02 16:42:10.484 [Thread-28] INFO  Starting auto-routing...
2026-07-02 16:42:10.590 [Thread-28] WARN  FloatLine: Parameter is null
2026-07-02 16:42:10.592 [Thread-28] WARN  FloatLine: Parameter is null
2026-07-02 16:42:10.600 [Thread-28] WARN  FloatLine: Parameter is null
2026-07-02 16:42:13.015 [Thread-28] WARN  FloatLine: Parameter is null
2026-07-02 16:42:14.847 [Thread-28] WARN  FloatLine: Parameter is null
2026-07-02 16:42:16.302 [Thread-28] WARN  FloatLine: Parameter is null
2026-07-02 16:42:18.209 [Thread-28] WARN  FloatLine: Parameter is null
2026-07-02 16:42:20.120 [Thread-28] WARN  FloatLine: Parameter is null
2026-07-02 16:42:21.246 [Thread-28] WARN  FloatLine: Parameter is null
2026-07-02 16:42:23.471 [Thread-28] WARN  FloatLine: Parameter is null
2026-07-02 16:42:24.898 [Thread-28] WARN  FloatLine: Parameter is null
2026-07-02 16:42:25.928 [Thread-28] WARN  FloatLine: Parameter is null
2026-07-02 16:42:27.247 [Thread-28] WARN  FloatLine: Parameter is null
2026-07-02 16:42:28.162 [Thread-28] WARN  FloatLine: Parameter is null
2026-07-02 16:42:29.618 [Thread-28] WARN  FloatLine: Parameter is null
2026-07-02 16:42:30.514 [Thread-28] WARN  FloatLine: Parameter is null
2026-07-02 16:42:31.734 [Thread-28] WARN  FloatLine: Parameter is null
2026-07-02 16:42:33.158 [Thread-28] WARN  FloatLine: Parameter is null
2026-07-02 16:42:34.132 [Thread-28] WARN  FloatLine: Parameter is null
2026-07-02 16:42:35.206 [Thread-28] WARN  FloatLine: Parameter is null
2026-07-02 16:42:36.008 [Thread-28] WARN  FloatLine: Parameter is null
2026-07-02 16:42:36.975 [Thread-28] WARN  FloatLine: Parameter is null
2026-07-02 16:42:38.023 [Thread-28] WARN  FloatLine: Parameter is null
2026-07-02 16:42:39.009 [Thread-28] WARN  FloatLine: Parameter is null
2026-07-02 16:42:39.740 [Thread-28] WARN  FloatLine: Parameter is null
2026-07-02 16:42:40.431 [Thread-28] WARN  FloatLine: Parameter is null
2026-07-02 16:42:41.150 [Thread-28] WARN  FloatLine: Parameter is null
2026-07-02 16:42:41.908 [Thread-28] WARN  FloatLine: Parameter is null
2026-07-02 16:42:42.688 [Thread-28] WARN  FloatLine: Parameter is null
2026-07-02 16:42:43.596 [Thread-28] WARN  FloatLine: Parameter is null
2026-07-02 16:42:45.000 [Thread-28] WARN  FloatLine: Parameter is null
2026-07-02 16:42:45.812 [Thread-28] WARN  FloatLine: Parameter is null
2026-07-02 16:42:46.485 [Thread-28] WARN  FloatLine: Parameter is null
2026-07-02 16:42:46.954 [Thread-28] WARN  FloatLine: Parameter is null
2026-07-02 16:42:47.007 [Thread-28] INFO  Auto-routing was completed in 36.52 seconds.
2026-07-02 16:42:47.111 [Thread-28] INFO  Starting route optimization on 1 thread...
2026-07-02 16:42:51.169 [Thread-28] INFO  Route optimization was completed in 4.06 seconds.
2026-07-02 16:42:51.178 [Thread-28] INFO  Saving 'wigglecam.ses'...
2026-07-02 16:44:05.240 [main] INFO  Freerouting v1.9.0 (build-date: 2023-10-30)
2026-07-02 16:44:05.269 [main] INFO  Settings were loaded from freerouting.json
2026-07-02 16:44:06.287 [main] INFO  Opening 'wigglecam.dsn'...
2026-07-02 16:44:06.675 [ForkJoinPool.commonPool-worker-1] INFO  New version available: v2.2.4
2026-07-02 16:44:08.150 [AWT-EventQueue-0] ERROR Cannot invoke "app.freerouting.geometry.planar.FloatPoint.rotate(double, app.freerouting.geometry.planar.FloatPoint)" because "p_point" is null
java.lang.NullPointerException: Cannot invoke "app.freerouting.geometry.planar.FloatPoint.rotate(double, app.freerouting.geometry.planar.FloatPoint)" because "p_point" is null
	at app.freerouting.boardgraphics.CoordinateTransform.board_to_screen(CoordinateTransform.java:82) ~[freerouting-1.9.jar:unspecified]
	at app.freerouting.interactive.InteractiveState.mouse_wheel_moved(InteractiveState.java:90) ~[freerouting-1.9.jar:unspecified]
	at app.freerouting.interactive.BoardHandling.mouse_wheel_moved(BoardHandling.java:721) ~[freerouting-1.9.jar:unspecified]
	at app.freerouting.gui.BoardPanel.lambda$default_init$0(BoardPanel.java:123) ~[freerouting-1.9.jar:unspecified]
	at java.awt.Component.processMouseWheelEvent(Component.java:6658) ~[?:?]
	at java.awt.Component.processEvent(Component.java:6342) ~[?:?]
	at java.awt.Container.processEvent(Container.java:2260) ~[?:?]
	at java.awt.Component.dispatchEventImpl(Component.java:4952) ~[?:?]
	at java.awt.Container.dispatchEventImpl(Container.java:2318) ~[?:?]
	at java.awt.Component.dispatchEvent(Component.java:4784) ~[?:?]
	at java.awt.LightweightDispatcher.retargetMouseEvent(Container.java:4917) ~[?:?]
	at java.awt.LightweightDispatcher.processMouseEvent(Container.java:4589) ~[?:?]
	at java.awt.LightweightDispatcher.dispatchEvent(Container.java:4501) ~[?:?]
	at java.awt.Container.dispatchEventImpl(Container.java:2304) ~[?:?]
	at java.awt.Window.dispatchEventImpl(Window.java:2667) ~[?:?]
	at java.awt.Component.dispatchEvent(Component.java:4784) ~[?:?]
	at java.awt.EventQueue.dispatchEventImpl(EventQueue.java:716) ~[?:?]
	at java.awt.EventQueue.dispatchEvent(EventQueue.java:693) ~[?:?]
	at java.awt.EventDispatchThread.pumpOneEventForFilters(EventDispatchThread.java:203) [?:?]
	at java.awt.EventDispatchThread.pumpEventsForFilter(EventDispatchThread.java:124) [?:?]
	at java.awt.EventDispatchThread.pumpEventsForHierarchy(EventDispatchThread.java:113) [?:?]
	at java.awt.EventDispatchThread.pumpEvents(EventDispatchThread.java:109) [?:?]
	at java.awt.EventDispatchThread.pumpEvents(EventDispatchThread.java:101) [?:?]
	at java.awt.EventDispatchThread.run(EventDispatchThread.java:90) [?:?]
2026-07-02 16:44:28.351 [Thread-30] INFO  Starting auto-routing...
2026-07-02 16:44:28.477 [Thread-30] WARN  FloatLine: Parameter is null
2026-07-02 16:44:28.480 [Thread-30] WARN  FloatLine: Parameter is null
2026-07-02 16:44:28.483 [Thread-30] WARN  FloatLine: Parameter is null
2026-07-02 16:44:31.230 [Thread-30] WARN  FloatLine: Parameter is null
2026-07-02 16:44:33.150 [Thread-30] WARN  FloatLine: Parameter is null
2026-07-02 16:44:35.476 [Thread-30] WARN  FloatLine: Parameter is null
2026-07-02 16:44:37.527 [Thread-30] WARN  FloatLine: Parameter is null
2026-07-02 16:44:39.769 [Thread-30] WARN  FloatLine: Parameter is null
2026-07-02 16:44:41.147 [Thread-30] WARN  FloatLine: Parameter is null
2026-07-02 16:44:42.356 [Thread-30] WARN  FloatLine: Parameter is null
2026-07-02 16:44:43.536 [Thread-30] WARN  FloatLine: Parameter is null
2026-07-02 16:44:44.206 [Thread-30] WARN  FloatLine: Parameter is null
2026-07-02 16:44:45.362 [Thread-30] WARN  FloatLine: Parameter is null
2026-07-02 16:44:45.875 [Thread-30] WARN  FloatLine: Parameter is null
2026-07-02 16:44:46.837 [Thread-30] WARN  FloatLine: Parameter is null
2026-07-02 16:44:47.551 [Thread-30] WARN  FloatLine: Parameter is null
2026-07-02 16:44:47.758 [Thread-30] WARN  FloatLine: Parameter is null
2026-07-02 16:44:47.934 [Thread-30] WARN  FloatLine: Parameter is null
2026-07-02 16:44:48.107 [Thread-30] WARN  FloatLine: Parameter is null
2026-07-02 16:44:48.273 [Thread-30] WARN  FloatLine: Parameter is null
2026-07-02 16:44:48.451 [Thread-30] WARN  FloatLine: Parameter is null
2026-07-02 16:44:48.633 [Thread-30] WARN  FloatLine: Parameter is null
2026-07-02 16:44:48.820 [Thread-30] WARN  FloatLine: Parameter is null
2026-07-02 16:44:48.992 [Thread-30] WARN  FloatLine: Parameter is null
2026-07-02 16:44:49.157 [Thread-30] WARN  FloatLine: Parameter is null
2026-07-02 16:44:49.328 [Thread-30] WARN  FloatLine: Parameter is null
2026-07-02 16:44:49.491 [Thread-30] WARN  There were only 17.90 changes in the last 20 passes, so it's very likely that autorouter can't improve the result much further. It is recommended to stop it and finish the board manually.
2026-07-02 16:44:49.505 [Thread-30] WARN  FloatLine: Parameter is null
2026-07-02 16:44:49.694 [Thread-30] WARN  FloatLine: Parameter is null
2026-07-02 16:44:49.889 [Thread-30] WARN  FloatLine: Parameter is null
2026-07-02 16:44:50.064 [Thread-30] WARN  FloatLine: Parameter is null
2026-07-02 16:44:50.234 [Thread-30] WARN  FloatLine: Parameter is null
2026-07-02 16:44:50.403 [Thread-30] WARN  FloatLine: Parameter is null
2026-07-02 16:44:50.583 [Thread-30] WARN  FloatLine: Parameter is null
2026-07-02 16:44:50.770 [Thread-30] WARN  FloatLine: Parameter is null
2026-07-02 16:44:50.962 [Thread-30] WARN  FloatLine: Parameter is null
2026-07-02 16:44:51.137 [Thread-30] WARN  FloatLine: Parameter is null
2026-07-02 16:44:51.310 [Thread-30] WARN  FloatLine: Parameter is null
2026-07-02 16:44:51.477 [Thread-30] WARN  FloatLine: Parameter is null
2026-07-02 16:44:51.659 [Thread-30] WARN  FloatLine: Parameter is null
2026-07-02 16:44:51.850 [Thread-30] WARN  FloatLine: Parameter is null
2026-07-02 16:44:52.053 [Thread-30] WARN  FloatLine: Parameter is null
2026-07-02 16:44:52.235 [Thread-30] WARN  FloatLine: Parameter is null
2026-07-02 16:44:52.404 [Thread-30] INFO  Auto-routing was completed in 24.05 seconds.
2026-07-02 16:44:52.510 [Thread-30] INFO  Starting route optimization on 1 thread...
2026-07-02 16:44:55.339 [Thread-30] INFO  Route optimization was completed in 2.83 seconds.
2026-07-02 16:44:55.346 [Thread-30] INFO  Saving 'wigglecam.ses'...
2026-07-02 16:48:17.744 [main] INFO  Freerouting v1.9.0 (build-date: 2023-10-30)
2026-07-02 16:48:17.773 [main] INFO  Settings were loaded from freerouting.json
2026-07-02 16:48:18.783 [main] INFO  Opening 'wigglecam.dsn'...
2026-07-02 16:48:19.147 [ForkJoinPool.commonPool-worker-1] INFO  New version available: v2.2.4
2026-07-02 16:48:41.022 [Thread-28] INFO  Starting auto-routing...
2026-07-02 16:48:41.171 [Thread-28] WARN  FloatLine: Parameter is null
2026-07-02 16:48:41.179 [Thread-28] WARN  FloatLine: Parameter is null
2026-07-02 16:48:41.216 [Thread-28] WARN  FloatLine: Parameter is null
2026-07-02 16:48:41.222 [Thread-28] WARN  FloatLine: Parameter is null
2026-07-02 16:48:43.582 [Thread-28] WARN  FloatLine: Parameter is null
2026-07-02 16:48:43.589 [Thread-28] WARN  FloatLine: Parameter is null
2026-07-02 16:48:45.726 [Thread-28] WARN  FloatLine: Parameter is null
2026-07-02 16:48:45.732 [Thread-28] WARN  FloatLine: Parameter is null
2026-07-02 16:48:48.007 [Thread-28] WARN  FloatLine: Parameter is null
2026-07-02 16:48:48.011 [Thread-28] WARN  FloatLine: Parameter is null
2026-07-02 16:48:50.308 [Thread-28] WARN  FloatLine: Parameter is null
2026-07-02 16:48:50.322 [Thread-28] WARN  FloatLine: Parameter is null
2026-07-02 16:48:53.212 [Thread-28] WARN  FloatLine: Parameter is null
2026-07-02 16:48:53.216 [Thread-28] WARN  FloatLine: Parameter is null
2026-07-02 16:48:56.230 [Thread-28] WARN  FloatLine: Parameter is null
2026-07-02 16:48:56.236 [Thread-28] WARN  FloatLine: Parameter is null
2026-07-02 16:48:58.334 [Thread-28] WARN  FloatLine: Parameter is null
2026-07-02 16:48:58.339 [Thread-28] WARN  FloatLine: Parameter is null
2026-07-02 16:49:00.953 [Thread-28] WARN  FloatLine: Parameter is null
2026-07-02 16:49:00.963 [Thread-28] WARN  FloatLine: Parameter is null
2026-07-02 16:49:01.921 [Thread-28] WARN  FloatLine: Parameter is null
2026-07-02 16:49:01.927 [Thread-28] WARN  FloatLine: Parameter is null
2026-07-02 16:49:04.546 [Thread-28] WARN  FloatLine: Parameter is null
2026-07-02 16:49:04.552 [Thread-28] WARN  FloatLine: Parameter is null
2026-07-02 16:49:05.749 [Thread-28] WARN  FloatLine: Parameter is null
2026-07-02 16:49:05.755 [Thread-28] WARN  FloatLine: Parameter is null
2026-07-02 16:49:08.451 [Thread-28] WARN  FloatLine: Parameter is null
2026-07-02 16:49:08.455 [Thread-28] WARN  FloatLine: Parameter is null
2026-07-02 16:49:10.769 [Thread-28] WARN  FloatLine: Parameter is null
2026-07-02 16:49:10.774 [Thread-28] WARN  FloatLine: Parameter is null
2026-07-02 16:49:11.836 [Thread-28] WARN  FloatLine: Parameter is null
2026-07-02 16:49:11.840 [Thread-28] WARN  FloatLine: Parameter is null
2026-07-02 16:49:13.834 [Thread-28] WARN  FloatLine: Parameter is null
2026-07-02 16:49:13.839 [Thread-28] WARN  FloatLine: Parameter is null
2026-07-02 16:49:14.785 [Thread-28] WARN  FloatLine: Parameter is null
2026-07-02 16:49:14.791 [Thread-28] WARN  FloatLine: Parameter is null
2026-07-02 16:49:15.774 [Thread-28] WARN  FloatLine: Parameter is null
2026-07-02 16:49:15.780 [Thread-28] WARN  FloatLine: Parameter is null
2026-07-02 16:49:17.690 [Thread-28] WARN  FloatLine: Parameter is null
2026-07-02 16:49:17.695 [Thread-28] WARN  FloatLine: Parameter is null
2026-07-02 16:49:18.376 [Thread-28] WARN  FloatLine: Parameter is null
2026-07-02 16:49:18.385 [Thread-28] WARN  FloatLine: Parameter is null
2026-07-02 16:49:18.609 [Thread-28] WARN  FloatLine: Parameter is null
2026-07-02 16:49:18.621 [Thread-28] WARN  FloatLine: Parameter is null
2026-07-02 16:49:19.394 [Thread-28] WARN  FloatLine: Parameter is null
2026-07-02 16:49:19.403 [Thread-28] WARN  FloatLine: Parameter is null
2026-07-02 16:49:20.116 [Thread-28] WARN  FloatLine: Parameter is null
2026-07-02 16:49:20.122 [Thread-28] WARN  FloatLine: Parameter is null
2026-07-02 16:49:20.169 [Thread-28] WARN  FloatLine: Parameter is null
2026-07-02 16:49:20.176 [Thread-28] WARN  FloatLine: Parameter is null
2026-07-02 16:49:20.282 [Thread-28] WARN  FloatLine: Parameter is null
2026-07-02 16:49:20.288 [Thread-28] WARN  FloatLine: Parameter is null
2026-07-02 16:49:21.056 [Thread-28] WARN  FloatLine: Parameter is null
2026-07-02 16:49:21.064 [Thread-28] WARN  FloatLine: Parameter is null
2026-07-02 16:49:21.965 [Thread-28] WARN  FloatLine: Parameter is null
2026-07-02 16:49:21.972 [Thread-28] WARN  FloatLine: Parameter is null
2026-07-02 16:49:22.578 [Thread-28] WARN  FloatLine: Parameter is null
2026-07-02 16:49:22.584 [Thread-28] WARN  FloatLine: Parameter is null
2026-07-02 16:49:23.015 [Thread-28] WARN  FloatLine: Parameter is null
2026-07-02 16:49:23.021 [Thread-28] WARN  FloatLine: Parameter is null
2026-07-02 16:49:23.455 [Thread-28] WARN  FloatLine: Parameter is null
2026-07-02 16:49:23.462 [Thread-28] WARN  FloatLine: Parameter is null
2026-07-02 16:49:23.935 [Thread-28] WARN  FloatLine: Parameter is null
2026-07-02 16:49:23.944 [Thread-28] WARN  FloatLine: Parameter is null
2026-07-02 16:49:25.143 [Thread-28] WARN  FloatLine: Parameter is null
2026-07-02 16:49:25.149 [Thread-28] WARN  FloatLine: Parameter is null
2026-07-02 16:49:25.324 [Thread-28] WARN  FloatLine: Parameter is null
2026-07-02 16:49:25.330 [Thread-28] WARN  FloatLine: Parameter is null
2026-07-02 16:49:26.330 [Thread-28] WARN  FloatLine: Parameter is null
2026-07-02 16:49:26.335 [Thread-28] WARN  FloatLine: Parameter is null
2026-07-02 16:49:28.643 [Thread-28] WARN  FloatLine: Parameter is null
2026-07-02 16:49:28.652 [Thread-28] WARN  FloatLine: Parameter is null
2026-07-02 16:49:28.714 [Thread-28] WARN  FloatLine: Parameter is null
2026-07-02 16:49:28.720 [Thread-28] WARN  FloatLine: Parameter is null
2026-07-02 16:49:29.429 [Thread-28] WARN  FloatLine: Parameter is null
2026-07-02 16:49:29.436 [Thread-28] WARN  FloatLine: Parameter is null
2026-07-02 16:49:29.519 [Thread-28] WARN  FloatLine: Parameter is null
2026-07-02 16:49:29.526 [Thread-28] WARN  FloatLine: Parameter is null
2026-07-02 16:49:29.576 [Thread-28] WARN  FloatLine: Parameter is null
2026-07-02 16:49:29.583 [Thread-28] WARN  FloatLine: Parameter is null
2026-07-02 16:49:29.671 [Thread-28] WARN  FloatLine: Parameter is null
2026-07-02 16:49:29.680 [Thread-28] WARN  FloatLine: Parameter is null
2026-07-02 16:49:29.742 [Thread-28] WARN  FloatLine: Parameter is null
2026-07-02 16:49:29.751 [Thread-28] WARN  FloatLine: Parameter is null
2026-07-02 16:49:29.839 [Thread-28] WARN  FloatLine: Parameter is null
2026-07-02 16:49:29.846 [Thread-28] WARN  FloatLine: Parameter is null
2026-07-02 16:49:29.901 [Thread-28] WARN  FloatLine: Parameter is null
2026-07-02 16:49:29.911 [Thread-28] WARN  FloatLine: Parameter is null
2026-07-02 16:49:29.993 [Thread-28] WARN  FloatLine: Parameter is null
2026-07-02 16:49:30.001 [Thread-28] WARN  FloatLine: Parameter is null
2026-07-02 16:49:30.053 [Thread-28] WARN  FloatLine: Parameter is null
2026-07-02 16:49:30.059 [Thread-28] WARN  FloatLine: Parameter is null
2026-07-02 16:49:30.139 [Thread-28] WARN  FloatLine: Parameter is null
2026-07-02 16:49:30.146 [Thread-28] WARN  FloatLine: Parameter is null
2026-07-02 16:49:30.194 [Thread-28] WARN  FloatLine: Parameter is null
2026-07-02 16:49:30.201 [Thread-28] WARN  FloatLine: Parameter is null
2026-07-02 16:49:30.269 [Thread-28] WARN  There were only 18.80 changes in the last 20 passes, so it's very likely that autorouter can't improve the result much further. It is recommended to stop it and finish the board manually.
2026-07-02 16:49:30.284 [Thread-28] WARN  FloatLine: Parameter is null
2026-07-02 16:49:30.291 [Thread-28] WARN  FloatLine: Parameter is null
2026-07-02 16:49:30.338 [Thread-28] WARN  FloatLine: Parameter is null
2026-07-02 16:49:30.346 [Thread-28] WARN  FloatLine: Parameter is null
2026-07-02 16:49:30.428 [Thread-28] WARN  FloatLine: Parameter is null
2026-07-02 16:49:30.434 [Thread-28] WARN  FloatLine: Parameter is null
2026-07-02 16:49:30.482 [Thread-28] WARN  FloatLine: Parameter is null
2026-07-02 16:49:30.488 [Thread-28] WARN  FloatLine: Parameter is null
2026-07-02 16:49:30.570 [Thread-28] WARN  FloatLine: Parameter is null
2026-07-02 16:49:30.578 [Thread-28] WARN  FloatLine: Parameter is null
2026-07-02 16:49:30.625 [Thread-28] WARN  FloatLine: Parameter is null
2026-07-02 16:49:30.631 [Thread-28] WARN  FloatLine: Parameter is null
2026-07-02 16:49:30.714 [Thread-28] WARN  FloatLine: Parameter is null
2026-07-02 16:49:30.723 [Thread-28] WARN  FloatLine: Parameter is null
2026-07-02 16:49:30.775 [Thread-28] WARN  FloatLine: Parameter is null
2026-07-02 16:49:30.783 [Thread-28] WARN  FloatLine: Parameter is null
2026-07-02 16:49:30.871 [Thread-28] WARN  FloatLine: Parameter is null
2026-07-02 16:49:30.879 [Thread-28] WARN  FloatLine: Parameter is null
2026-07-02 16:49:30.930 [Thread-28] WARN  FloatLine: Parameter is null
2026-07-02 16:49:30.937 [Thread-28] WARN  FloatLine: Parameter is null
2026-07-02 16:49:31.022 [Thread-28] WARN  FloatLine: Parameter is null
2026-07-02 16:49:31.029 [Thread-28] WARN  FloatLine: Parameter is null
2026-07-02 16:49:31.079 [Thread-28] WARN  FloatLine: Parameter is null
2026-07-02 16:49:31.086 [Thread-28] WARN  FloatLine: Parameter is null
2026-07-02 16:49:31.168 [Thread-28] WARN  FloatLine: Parameter is null
2026-07-02 16:49:31.175 [Thread-28] WARN  FloatLine: Parameter is null
2026-07-02 16:49:31.209 [Thread-28] INFO  Auto-routing was completed in 50.18 seconds.
2026-07-02 16:49:31.314 [Thread-28] INFO  Starting route optimization on 1 thread...
2026-07-02 16:49:34.206 [Thread-28] INFO  Route optimization was completed in 2.89 seconds.
2026-07-02 16:49:34.216 [Thread-28] INFO  Saving 'wigglecam.ses'...
2026-07-02 16:50:44.174 [main] INFO  Freerouting v1.9.0 (build-date: 2023-10-30)
2026-07-02 16:50:44.201 [main] INFO  Settings were loaded from freerouting.json
2026-07-02 16:50:45.215 [main] INFO  Opening 'wigglecam.dsn'...
2026-07-02 16:50:45.635 [ForkJoinPool.commonPool-worker-1] INFO  New version available: v2.2.4
2026-07-02 16:50:45.836 [main] WARN  Multiple vias skipped at (1412500, -1436550)
2026-07-02 16:50:45.837 [main] WARN  Multiple vias skipped at (1347500, -1436550)
2026-07-02 17:01:33.018 [main] INFO  Freerouting v1.9.0 (build-date: 2023-10-30)
2026-07-02 17:01:33.052 [main] INFO  Settings were loaded from freerouting.json
2026-07-02 17:01:34.065 [main] INFO  Opening 'wigglecam.dsn'...
2026-07-02 17:01:34.444 [ForkJoinPool.commonPool-worker-1] INFO  New version available: v2.2.4
2026-07-02 17:01:56.353 [Thread-28] INFO  Starting auto-routing...
2026-07-02 17:01:56.490 [Thread-28] WARN  FloatLine: Parameter is null
2026-07-02 17:01:56.493 [Thread-28] WARN  FloatLine: Parameter is null
2026-07-02 17:02:53.992 [Thread-28] WARN  There were only 19.55 changes in the last 20 passes, so it's very likely that autorouter can't improve the result much further. It is recommended to stop it and finish the board manually.
2026-07-02 17:03:20.916 [Thread-28] INFO  Auto-routing was completed in 1 minute(s) 24.56 seconds.
2026-07-02 17:03:21.021 [Thread-28] INFO  Starting route optimization on 1 thread...
2026-07-02 17:03:22.810 [Thread-28] INFO  Route optimization was completed in 1.79 seconds.
2026-07-02 17:03:22.817 [Thread-28] INFO  Saving 'wigglecam.ses'...
2026-07-02 17:04:48.506 [main] INFO  Freerouting v1.9.0 (build-date: 2023-10-30)
2026-07-02 17:04:48.534 [main] INFO  Settings were loaded from freerouting.json
2026-07-02 17:04:49.559 [main] INFO  Opening 'wigglecam.dsn'...
2026-07-02 17:04:49.936 [ForkJoinPool.commonPool-worker-1] INFO  New version available: v2.2.4
2026-07-02 17:05:11.387 [Thread-28] INFO  Starting auto-routing...
2026-07-02 17:05:11.529 [Thread-28] WARN  FloatLine: Parameter is null
2026-07-02 17:05:11.533 [Thread-28] WARN  FloatLine: Parameter is null
2026-07-02 17:05:11.537 [Thread-28] WARN  FloatLine: Parameter is null
2026-07-02 17:05:13.766 [Thread-28] WARN  FloatLine: Parameter is null
2026-07-02 17:05:15.143 [Thread-28] WARN  FloatLine: Parameter is null
2026-07-02 17:05:16.192 [Thread-28] WARN  FloatLine: Parameter is null
2026-07-02 17:05:18.275 [Thread-28] WARN  FloatLine: Parameter is null
2026-07-02 17:05:19.584 [Thread-28] WARN  FloatLine: Parameter is null
2026-07-02 17:05:20.673 [Thread-28] WARN  FloatLine: Parameter is null
2026-07-02 17:05:21.686 [Thread-28] WARN  FloatLine: Parameter is null
2026-07-02 17:05:23.021 [Thread-28] WARN  FloatLine: Parameter is null
2026-07-02 17:05:23.244 [Thread-28] WARN  FloatLine: Parameter is null
2026-07-02 17:05:23.854 [Thread-28] WARN  FloatLine: Parameter is null
2026-07-02 17:05:23.967 [Thread-28] WARN  FloatLine: Parameter is null
2026-07-02 17:05:24.689 [Thread-28] WARN  FloatLine: Parameter is null
2026-07-02 17:05:25.991 [Thread-28] WARN  FloatLine: Parameter is null
2026-07-02 17:05:26.368 [Thread-28] WARN  FloatLine: Parameter is null
2026-07-02 17:05:26.822 [Thread-28] WARN  FloatLine: Parameter is null
2026-07-02 17:05:27.420 [Thread-28] WARN  FloatLine: Parameter is null
2026-07-02 17:05:27.511 [Thread-28] WARN  FloatLine: Parameter is null
2026-07-02 17:05:28.103 [Thread-28] WARN  FloatLine: Parameter is null
2026-07-02 17:05:29.373 [Thread-28] WARN  FloatLine: Parameter is null
2026-07-02 17:05:30.800 [Thread-28] WARN  FloatLine: Parameter is null
2026-07-02 17:05:31.960 [Thread-28] WARN  FloatLine: Parameter is null
2026-07-02 17:05:33.576 [Thread-28] WARN  FloatLine: Parameter is null
2026-07-02 17:05:33.912 [Thread-28] WARN  FloatLine: Parameter is null
2026-07-02 17:05:34.193 [Thread-28] WARN  FloatLine: Parameter is null
2026-07-02 17:05:34.614 [Thread-28] WARN  FloatLine: Parameter is null
2026-07-02 17:05:34.875 [Thread-28] WARN  FloatLine: Parameter is null
2026-07-02 17:05:34.959 [Thread-28] WARN  FloatLine: Parameter is null
2026-07-02 17:05:35.022 [Thread-28] WARN  FloatLine: Parameter is null
2026-07-02 17:05:35.061 [Thread-28] WARN  FloatLine: Parameter is null
2026-07-02 17:05:35.106 [Thread-28] WARN  FloatLine: Parameter is null
2026-07-02 17:05:35.144 [Thread-28] WARN  FloatLine: Parameter is null
2026-07-02 17:05:35.201 [Thread-28] WARN  FloatLine: Parameter is null
2026-07-02 17:05:35.296 [Thread-28] WARN  FloatLine: Parameter is null
2026-07-02 17:05:35.488 [Thread-28] WARN  FloatLine: Parameter is null
2026-07-02 17:05:35.544 [Thread-28] WARN  FloatLine: Parameter is null
2026-07-02 17:05:35.602 [Thread-28] WARN  FloatLine: Parameter is null
2026-07-02 17:05:35.658 [Thread-28] WARN  There were only 19.75 changes in the last 20 passes, so it's very likely that autorouter can't improve the result much further. It is recommended to stop it and finish the board manually.
2026-07-02 17:05:35.673 [Thread-28] WARN  FloatLine: Parameter is null
2026-07-02 17:05:35.730 [Thread-28] WARN  FloatLine: Parameter is null
2026-07-02 17:05:35.781 [Thread-28] WARN  FloatLine: Parameter is null
2026-07-02 17:05:36.021 [Thread-28] INFO  Auto-routing was completed in 24.63 seconds.
2026-07-02 17:05:36.131 [Thread-28] INFO  Starting route optimization on 1 thread...
2026-07-02 17:05:38.360 [Thread-28] INFO  Route optimization was completed in 2.23 seconds.
2026-07-02 17:05:38.368 [Thread-28] INFO  Saving 'wigglecam.ses'...
2026-07-02 17:08:21.256 [main] INFO  Freerouting v1.9.0 (build-date: 2023-10-30)
2026-07-02 17:08:21.284 [main] INFO  Settings were loaded from freerouting.json
2026-07-02 17:08:22.301 [main] INFO  Opening 'wigglecam.dsn'...
2026-07-02 17:08:22.668 [ForkJoinPool.commonPool-worker-1] INFO  New version available: v2.2.4
2026-07-02 17:08:44.362 [Thread-28] INFO  Starting auto-routing...
2026-07-02 17:08:44.493 [Thread-28] WARN  FloatLine: Parameter is null
2026-07-02 17:08:44.497 [Thread-28] WARN  FloatLine: Parameter is null
2026-07-02 17:08:44.499 [Thread-28] WARN  FloatLine: Parameter is null
2026-07-02 17:08:44.508 [Thread-28] WARN  FloatLine: Parameter is null
2026-07-02 17:08:44.509 [Thread-28] WARN  FloatLine: Parameter is null
2026-07-02 17:08:46.786 [Thread-28] WARN  FloatLine: Parameter is null
2026-07-02 17:08:46.787 [Thread-28] WARN  FloatLine: Parameter is null
2026-07-02 17:08:48.788 [Thread-28] WARN  FloatLine: Parameter is null
2026-07-02 17:08:48.789 [Thread-28] WARN  FloatLine: Parameter is null
2026-07-02 17:08:50.571 [Thread-28] WARN  FloatLine: Parameter is null
2026-07-02 17:08:50.572 [Thread-28] WARN  FloatLine: Parameter is null
2026-07-02 17:08:52.515 [Thread-28] WARN  FloatLine: Parameter is null
2026-07-02 17:08:52.515 [Thread-28] WARN  FloatLine: Parameter is null
2026-07-02 17:08:53.887 [Thread-28] WARN  FloatLine: Parameter is null
2026-07-02 17:08:53.887 [Thread-28] WARN  FloatLine: Parameter is null
2026-07-02 17:08:55.707 [Thread-28] WARN  FloatLine: Parameter is null
2026-07-02 17:08:55.707 [Thread-28] WARN  FloatLine: Parameter is null
2026-07-02 17:08:57.304 [Thread-28] WARN  FloatLine: Parameter is null
2026-07-02 17:08:57.304 [Thread-28] WARN  FloatLine: Parameter is null
2026-07-02 17:08:58.653 [Thread-28] WARN  FloatLine: Parameter is null
2026-07-02 17:08:58.653 [Thread-28] WARN  FloatLine: Parameter is null
2026-07-02 17:09:00.185 [Thread-28] WARN  FloatLine: Parameter is null
2026-07-02 17:09:00.185 [Thread-28] WARN  FloatLine: Parameter is null
2026-07-02 17:09:01.032 [Thread-28] WARN  FloatLine: Parameter is null
2026-07-02 17:09:01.033 [Thread-28] WARN  FloatLine: Parameter is null
2026-07-02 17:09:01.912 [Thread-28] WARN  FloatLine: Parameter is null
2026-07-02 17:09:01.913 [Thread-28] WARN  FloatLine: Parameter is null
2026-07-02 17:09:03.243 [Thread-28] WARN  FloatLine: Parameter is null
2026-07-02 17:09:03.244 [Thread-28] WARN  FloatLine: Parameter is null
2026-07-02 17:09:04.669 [Thread-28] WARN  FloatLine: Parameter is null
2026-07-02 17:09:04.670 [Thread-28] WARN  FloatLine: Parameter is null
2026-07-02 17:09:05.905 [Thread-28] WARN  FloatLine: Parameter is null
2026-07-02 17:09:05.905 [Thread-28] WARN  FloatLine: Parameter is null
2026-07-02 17:09:07.187 [Thread-28] WARN  FloatLine: Parameter is null
2026-07-02 17:09:07.187 [Thread-28] WARN  FloatLine: Parameter is null
2026-07-02 17:09:08.468 [Thread-28] WARN  FloatLine: Parameter is null
2026-07-02 17:09:08.469 [Thread-28] WARN  FloatLine: Parameter is null
2026-07-02 17:09:10.245 [Thread-28] WARN  FloatLine: Parameter is null
2026-07-02 17:09:10.245 [Thread-28] WARN  FloatLine: Parameter is null
2026-07-02 17:09:12.069 [Thread-28] WARN  FloatLine: Parameter is null
2026-07-02 17:09:12.070 [Thread-28] WARN  FloatLine: Parameter is null
2026-07-02 17:09:13.379 [Thread-28] WARN  FloatLine: Parameter is null
2026-07-02 17:09:13.380 [Thread-28] WARN  FloatLine: Parameter is null
2026-07-02 17:09:14.615 [Thread-28] WARN  FloatLine: Parameter is null
2026-07-02 17:09:14.615 [Thread-28] WARN  FloatLine: Parameter is null
2026-07-02 17:09:15.914 [Thread-28] WARN  FloatLine: Parameter is null
2026-07-02 17:09:15.914 [Thread-28] WARN  FloatLine: Parameter is null
2026-07-02 17:09:17.141 [Thread-28] WARN  FloatLine: Parameter is null
2026-07-02 17:09:17.141 [Thread-28] WARN  FloatLine: Parameter is null
2026-07-02 17:09:18.407 [Thread-28] WARN  FloatLine: Parameter is null
2026-07-02 17:09:18.408 [Thread-28] WARN  FloatLine: Parameter is null
2026-07-02 17:09:19.708 [Thread-28] WARN  FloatLine: Parameter is null
2026-07-02 17:09:19.708 [Thread-28] WARN  FloatLine: Parameter is null
2026-07-02 17:09:21.064 [Thread-28] WARN  FloatLine: Parameter is null
2026-07-02 17:09:21.065 [Thread-28] WARN  FloatLine: Parameter is null
2026-07-02 17:09:22.290 [Thread-28] WARN  FloatLine: Parameter is null
2026-07-02 17:09:22.290 [Thread-28] WARN  FloatLine: Parameter is null
2026-07-02 17:09:23.588 [Thread-28] WARN  FloatLine: Parameter is null
2026-07-02 17:09:23.588 [Thread-28] WARN  FloatLine: Parameter is null
2026-07-02 17:09:24.934 [Thread-28] WARN  FloatLine: Parameter is null
2026-07-02 17:09:24.934 [Thread-28] WARN  FloatLine: Parameter is null
2026-07-02 17:09:26.223 [Thread-28] WARN  FloatLine: Parameter is null
2026-07-02 17:09:26.224 [Thread-28] WARN  FloatLine: Parameter is null
2026-07-02 17:09:27.454 [Thread-28] WARN  FloatLine: Parameter is null
2026-07-02 17:09:27.455 [Thread-28] WARN  FloatLine: Parameter is null
2026-07-02 17:09:28.714 [Thread-28] WARN  FloatLine: Parameter is null
2026-07-02 17:09:28.714 [Thread-28] WARN  FloatLine: Parameter is null
2026-07-02 17:09:29.935 [Thread-28] WARN  FloatLine: Parameter is null
2026-07-02 17:09:29.936 [Thread-28] WARN  FloatLine: Parameter is null
2026-07-02 17:09:31.206 [Thread-28] WARN  FloatLine: Parameter is null
2026-07-02 17:09:31.206 [Thread-28] WARN  FloatLine: Parameter is null
2026-07-02 17:09:32.422 [Thread-28] WARN  FloatLine: Parameter is null
2026-07-02 17:09:32.422 [Thread-28] WARN  FloatLine: Parameter is null
2026-07-02 17:09:33.660 [Thread-28] WARN  FloatLine: Parameter is null
2026-07-02 17:09:33.661 [Thread-28] WARN  FloatLine: Parameter is null
2026-07-02 17:09:34.894 [Thread-28] WARN  FloatLine: Parameter is null
2026-07-02 17:09:34.895 [Thread-28] WARN  FloatLine: Parameter is null
2026-07-02 17:09:36.184 [Thread-28] WARN  FloatLine: Parameter is null
2026-07-02 17:09:36.184 [Thread-28] WARN  FloatLine: Parameter is null
2026-07-02 17:09:37.415 [Thread-28] WARN  FloatLine: Parameter is null
2026-07-02 17:09:37.415 [Thread-28] WARN  FloatLine: Parameter is null
2026-07-02 17:09:38.674 [Thread-28] WARN  FloatLine: Parameter is null
2026-07-02 17:09:38.674 [Thread-28] WARN  FloatLine: Parameter is null
2026-07-02 17:09:39.873 [Thread-28] INFO  Auto-routing was completed in 55.51 seconds.
2026-07-02 17:09:39.980 [Thread-28] INFO  Starting route optimization on 1 thread...
2026-07-02 17:09:41.992 [Thread-28] INFO  Route optimization was completed in 2.01 seconds.
2026-07-02 17:09:42.000 [Thread-28] INFO  Saving 'wigglecam.ses'...
2026-07-02 17:11:04.522 [main] INFO  Freerouting v1.9.0 (build-date: 2023-10-30)
2026-07-02 17:11:04.550 [main] INFO  Settings were loaded from freerouting.json
2026-07-02 17:11:05.575 [main] INFO  Opening 'wigglecam.dsn'...
2026-07-02 17:11:05.946 [ForkJoinPool.commonPool-worker-1] INFO  New version available: v2.2.4
2026-07-02 17:11:27.560 [Thread-28] INFO  Starting auto-routing...
2026-07-02 17:11:27.689 [Thread-28] WARN  FloatLine: Parameter is null
2026-07-02 17:11:27.693 [Thread-28] WARN  FloatLine: Parameter is null
2026-07-02 17:11:27.698 [Thread-28] WARN  FloatLine: Parameter is null
2026-07-02 17:11:27.704 [Thread-28] WARN  FloatLine: Parameter is null
2026-07-02 17:11:30.575 [Thread-28] WARN  FloatLine: Parameter is null
2026-07-02 17:11:32.418 [Thread-28] WARN  FloatLine: Parameter is null
2026-07-02 17:11:34.580 [Thread-28] WARN  FloatLine: Parameter is null
2026-07-02 17:11:37.734 [Thread-28] WARN  FloatLine: Parameter is null
2026-07-02 17:11:39.976 [Thread-28] WARN  FloatLine: Parameter is null
2026-07-02 17:11:42.364 [Thread-28] WARN  FloatLine: Parameter is null
2026-07-02 17:11:44.275 [Thread-28] WARN  FloatLine: Parameter is null
2026-07-02 17:11:46.250 [Thread-28] WARN  FloatLine: Parameter is null
2026-07-02 17:11:47.970 [Thread-28] WARN  FloatLine: Parameter is null
2026-07-02 17:11:49.490 [Thread-28] WARN  FloatLine: Parameter is null
2026-07-02 17:11:50.266 [Thread-28] WARN  FloatLine: Parameter is null
2026-07-02 17:11:52.010 [Thread-28] WARN  FloatLine: Parameter is null
2026-07-02 17:11:53.506 [Thread-28] WARN  FloatLine: Parameter is null
2026-07-02 17:11:54.850 [Thread-28] WARN  FloatLine: Parameter is null
2026-07-02 17:11:56.353 [Thread-28] WARN  FloatLine: Parameter is null
2026-07-02 17:11:58.389 [Thread-28] WARN  FloatLine: Parameter is null
2026-07-02 17:12:00.579 [Thread-28] WARN  FloatLine: Parameter is null
2026-07-02 17:12:03.024 [Thread-28] WARN  FloatLine: Parameter is null
2026-07-02 17:12:04.714 [Thread-28] WARN  FloatLine: Parameter is null
2026-07-02 17:12:06.088 [Thread-28] WARN  FloatLine: Parameter is null
2026-07-02 17:12:06.770 [Thread-28] WARN  FloatLine: Parameter is null
2026-07-02 17:12:08.023 [Thread-28] WARN  FloatLine: Parameter is null
2026-07-02 17:12:08.716 [Thread-28] WARN  FloatLine: Parameter is null
2026-07-02 17:12:10.033 [Thread-28] WARN  FloatLine: Parameter is null
2026-07-02 17:12:10.713 [Thread-28] WARN  FloatLine: Parameter is null
2026-07-02 17:12:12.014 [Thread-28] WARN  FloatLine: Parameter is null
2026-07-02 17:12:12.696 [Thread-28] WARN  FloatLine: Parameter is null
2026-07-02 17:12:13.947 [Thread-28] WARN  FloatLine: Parameter is null
2026-07-02 17:12:14.619 [Thread-28] WARN  FloatLine: Parameter is null
2026-07-02 17:12:15.872 [Thread-28] WARN  FloatLine: Parameter is null
2026-07-02 17:12:16.551 [Thread-28] WARN  FloatLine: Parameter is null
2026-07-02 17:12:17.824 [Thread-28] WARN  FloatLine: Parameter is null
2026-07-02 17:12:18.507 [Thread-28] WARN  FloatLine: Parameter is null
2026-07-02 17:12:19.762 [Thread-28] WARN  FloatLine: Parameter is null
2026-07-02 17:12:20.472 [Thread-28] WARN  FloatLine: Parameter is null
2026-07-02 17:12:21.730 [Thread-28] WARN  FloatLine: Parameter is null
2026-07-02 17:12:22.418 [Thread-28] WARN  FloatLine: Parameter is null
2026-07-02 17:12:23.681 [Thread-28] WARN  FloatLine: Parameter is null
2026-07-02 17:12:24.362 [Thread-28] WARN  FloatLine: Parameter is null
2026-07-02 17:12:25.592 [Thread-28] INFO  Auto-routing was completed in 58.03 seconds.
2026-07-02 17:12:25.703 [Thread-28] INFO  Starting route optimization on 1 thread...
2026-07-02 17:12:27.922 [Thread-28] INFO  Route optimization was completed in 2.22 seconds.
2026-07-02 17:12:27.931 [Thread-28] INFO  Saving 'wigglecam.ses'...
2026-07-02 17:14:28.643 [main] INFO  Freerouting v1.9.0 (build-date: 2023-10-30)
2026-07-02 17:14:28.669 [main] INFO  Settings were loaded from freerouting.json
2026-07-02 17:14:29.688 [main] INFO  Opening 'wigglecam.dsn'...
2026-07-02 17:14:30.178 [ForkJoinPool.commonPool-worker-1] INFO  New version available: v2.2.4
2026-07-02 17:14:51.813 [Thread-28] INFO  Starting auto-routing...
2026-07-02 17:14:51.948 [Thread-28] WARN  FloatLine: Parameter is null
2026-07-02 17:14:51.955 [Thread-28] WARN  FloatLine: Parameter is null
2026-07-02 17:14:51.959 [Thread-28] WARN  FloatLine: Parameter is null
2026-07-02 17:14:51.967 [Thread-28] WARN  FloatLine: Parameter is null
2026-07-02 17:14:51.976 [Thread-28] WARN  FloatLine: Parameter is null
2026-07-02 17:14:53.868 [Thread-28] WARN  FloatLine: Parameter is null
2026-07-02 17:14:55.661 [Thread-28] WARN  FloatLine: Parameter is null
2026-07-02 17:14:56.967 [Thread-28] WARN  FloatLine: Parameter is null
2026-07-02 17:14:57.842 [Thread-28] WARN  FloatLine: Parameter is null
2026-07-02 17:14:59.456 [Thread-28] WARN  FloatLine: Parameter is null
2026-07-02 17:15:01.298 [Thread-28] WARN  FloatLine: Parameter is null
2026-07-02 17:15:02.238 [Thread-28] WARN  FloatLine: Parameter is null
2026-07-02 17:15:03.212 [Thread-28] WARN  FloatLine: Parameter is null
2026-07-02 17:15:04.756 [Thread-28] WARN  FloatLine: Parameter is null
2026-07-02 17:15:04.938 [Thread-28] WARN  FloatLine: Parameter is null
2026-07-02 17:15:05.403 [Thread-28] WARN  FloatLine: Parameter is null
2026-07-02 17:15:05.804 [Thread-28] WARN  FloatLine: Parameter is null
2026-07-02 17:15:06.331 [Thread-28] WARN  FloatLine: Parameter is null
2026-07-02 17:15:06.756 [Thread-28] WARN  FloatLine: Parameter is null
2026-07-02 17:15:07.174 [Thread-28] WARN  FloatLine: Parameter is null
2026-07-02 17:15:07.551 [Thread-28] WARN  FloatLine: Parameter is null
2026-07-02 17:15:08.109 [Thread-28] WARN  FloatLine: Parameter is null
2026-07-02 17:15:08.548 [Thread-28] WARN  FloatLine: Parameter is null
2026-07-02 17:15:09.129 [Thread-28] WARN  FloatLine: Parameter is null
2026-07-02 17:15:09.599 [Thread-28] WARN  FloatLine: Parameter is null
2026-07-02 17:15:10.173 [Thread-28] WARN  FloatLine: Parameter is null
2026-07-02 17:15:10.671 [Thread-28] WARN  FloatLine: Parameter is null
2026-07-02 17:15:11.239 [Thread-28] WARN  FloatLine: Parameter is null
2026-07-02 17:15:11.744 [Thread-28] WARN  FloatLine: Parameter is null
2026-07-02 17:15:12.320 [Thread-28] WARN  FloatLine: Parameter is null
2026-07-02 17:15:12.833 [Thread-28] WARN  FloatLine: Parameter is null
2026-07-02 17:15:13.405 [Thread-28] WARN  There were only 18.80 changes in the last 20 passes, so it's very likely that autorouter can't improve the result much further. It is recommended to stop it and finish the board manually.
2026-07-02 17:15:13.418 [Thread-28] WARN  FloatLine: Parameter is null
2026-07-02 17:15:13.944 [Thread-28] WARN  FloatLine: Parameter is null
2026-07-02 17:15:14.531 [Thread-28] WARN  FloatLine: Parameter is null
2026-07-02 17:15:15.056 [Thread-28] WARN  FloatLine: Parameter is null
2026-07-02 17:15:15.664 [Thread-28] WARN  FloatLine: Parameter is null
2026-07-02 17:15:16.215 [Thread-28] WARN  FloatLine: Parameter is null
2026-07-02 17:15:16.788 [Thread-28] WARN  FloatLine: Parameter is null
2026-07-02 17:15:17.325 [Thread-28] WARN  FloatLine: Parameter is null
2026-07-02 17:15:17.887 [Thread-28] WARN  FloatLine: Parameter is null
2026-07-02 17:15:18.421 [Thread-28] WARN  FloatLine: Parameter is null
2026-07-02 17:15:18.985 [Thread-28] WARN  FloatLine: Parameter is null
2026-07-02 17:15:19.517 [Thread-28] WARN  FloatLine: Parameter is null
2026-07-02 17:15:20.082 [Thread-28] WARN  FloatLine: Parameter is null
2026-07-02 17:15:20.596 [Thread-28] INFO  Auto-routing was completed in 28.78 seconds.
2026-07-02 17:15:20.703 [Thread-28] INFO  Starting route optimization on 1 thread...
2026-07-02 17:15:22.792 [Thread-28] INFO  Route optimization was completed in 2.09 seconds.
2026-07-02 17:15:22.798 [Thread-28] INFO  Saving 'wigglecam.ses'...
2026-07-02 17:16:49.540 [main] INFO  Freerouting v1.9.0 (build-date: 2023-10-30)
2026-07-02 17:16:49.567 [main] INFO  Settings were loaded from freerouting.json
2026-07-02 17:16:50.588 [main] INFO  Opening 'wigglecam.dsn'...
2026-07-02 17:16:50.933 [ForkJoinPool.commonPool-worker-1] INFO  New version available: v2.2.4
2026-07-02 17:17:12.551 [Thread-28] INFO  Starting auto-routing...
2026-07-02 17:17:12.683 [Thread-28] WARN  FloatLine: Parameter is null
2026-07-02 17:17:12.686 [Thread-28] WARN  FloatLine: Parameter is null
2026-07-02 17:17:12.697 [Thread-28] WARN  FloatLine: Parameter is null
2026-07-02 17:17:12.706 [Thread-28] WARN  FloatLine: Parameter is null
2026-07-02 17:17:12.711 [Thread-28] WARN  FloatLine: Parameter is null
2026-07-02 17:17:14.959 [Thread-28] WARN  FloatLine: Parameter is null
2026-07-02 17:17:16.314 [Thread-28] WARN  FloatLine: Parameter is null
2026-07-02 17:17:17.924 [Thread-28] WARN  FloatLine: Parameter is null
2026-07-02 17:17:19.227 [Thread-28] WARN  FloatLine: Parameter is null
2026-07-02 17:17:20.522 [Thread-28] WARN  FloatLine: Parameter is null
2026-07-02 17:17:21.783 [Thread-28] WARN  FloatLine: Parameter is null
2026-07-02 17:17:22.542 [Thread-28] WARN  FloatLine: Parameter is null
2026-07-02 17:17:23.703 [Thread-28] WARN  FloatLine: Parameter is null
2026-07-02 17:17:24.843 [Thread-28] WARN  FloatLine: Parameter is null
2026-07-02 17:17:25.653 [Thread-28] WARN  FloatLine: Parameter is null
2026-07-02 17:17:26.777 [Thread-28] WARN  FloatLine: Parameter is null
2026-07-02 17:17:27.594 [Thread-28] WARN  FloatLine: Parameter is null
2026-07-02 17:17:28.208 [Thread-28] WARN  FloatLine: Parameter is null
2026-07-02 17:17:29.156 [Thread-28] WARN  FloatLine: Parameter is null
2026-07-02 17:17:30.297 [Thread-28] WARN  FloatLine: Parameter is null
2026-07-02 17:17:31.349 [Thread-28] WARN  FloatLine: Parameter is null
2026-07-02 17:17:32.043 [Thread-28] WARN  FloatLine: Parameter is null
2026-07-02 17:17:33.074 [Thread-28] WARN  FloatLine: Parameter is null
2026-07-02 17:17:33.650 [Thread-28] WARN  FloatLine: Parameter is null
2026-07-02 17:17:34.736 [Thread-28] WARN  FloatLine: Parameter is null
2026-07-02 17:17:35.329 [Thread-28] WARN  FloatLine: Parameter is null
2026-07-02 17:17:36.419 [Thread-28] WARN  FloatLine: Parameter is null
2026-07-02 17:17:37.009 [Thread-28] WARN  FloatLine: Parameter is null
2026-07-02 17:17:38.088 [Thread-28] WARN  FloatLine: Parameter is null
2026-07-02 17:17:38.692 [Thread-28] WARN  FloatLine: Parameter is null
2026-07-02 17:17:39.808 [Thread-28] WARN  FloatLine: Parameter is null
2026-07-02 17:17:40.388 [Thread-28] WARN  There were only 18.60 changes in the last 20 passes, so it's very likely that autorouter can't improve the result much further. It is recommended to stop it and finish the board manually.
2026-07-02 17:17:40.401 [Thread-28] WARN  FloatLine: Parameter is null
2026-07-02 17:17:41.502 [Thread-28] WARN  FloatLine: Parameter is null
2026-07-02 17:17:42.094 [Thread-28] WARN  FloatLine: Parameter is null
2026-07-02 17:17:43.289 [Thread-28] WARN  FloatLine: Parameter is null
2026-07-02 17:17:43.891 [Thread-28] WARN  FloatLine: Parameter is null
2026-07-02 17:17:44.985 [Thread-28] WARN  FloatLine: Parameter is null
2026-07-02 17:17:45.586 [Thread-28] WARN  FloatLine: Parameter is null
2026-07-02 17:17:46.695 [Thread-28] WARN  FloatLine: Parameter is null
2026-07-02 17:17:47.287 [Thread-28] WARN  FloatLine: Parameter is null
2026-07-02 17:17:48.388 [Thread-28] WARN  FloatLine: Parameter is null
2026-07-02 17:17:48.976 [Thread-28] WARN  FloatLine: Parameter is null
2026-07-02 17:17:50.069 [Thread-28] WARN  FloatLine: Parameter is null
2026-07-02 17:17:50.690 [Thread-28] WARN  FloatLine: Parameter is null
2026-07-02 17:17:51.773 [Thread-28] INFO  Auto-routing was completed in 39.22 seconds.
2026-07-02 17:17:51.879 [Thread-28] INFO  Starting route optimization on 1 thread...
2026-07-02 17:17:53.933 [Thread-28] INFO  Route optimization was completed in 2.05 seconds.
2026-07-02 17:17:53.940 [Thread-28] INFO  Saving 'wigglecam.ses'...
2026-07-02 17:20:28.528 [main] INFO  Freerouting v1.9.0 (build-date: 2023-10-30)
2026-07-02 17:20:28.552 [main] INFO  Settings were loaded from freerouting.json
2026-07-02 17:20:29.562 [main] INFO  Opening 'wigglecam.dsn'...
2026-07-02 17:20:29.947 [ForkJoinPool.commonPool-worker-1] INFO  New version available: v2.2.4
2026-07-02 17:20:51.468 [Thread-26] INFO  Starting auto-routing...
2026-07-02 17:20:51.580 [Thread-26] WARN  FloatLine: Parameter is null
2026-07-02 17:20:51.583 [Thread-26] WARN  FloatLine: Parameter is null
2026-07-02 17:20:51.586 [Thread-26] WARN  FloatLine: Parameter is null
2026-07-02 17:20:54.019 [Thread-26] WARN  FloatLine: Parameter is null
2026-07-02 17:20:54.020 [Thread-26] WARN  FloatLine: Parameter is null
2026-07-02 17:20:55.368 [Thread-26] WARN  FloatLine: Parameter is null
2026-07-02 17:20:55.369 [Thread-26] WARN  FloatLine: Parameter is null
2026-07-02 17:20:56.696 [Thread-26] WARN  FloatLine: Parameter is null
2026-07-02 17:20:56.697 [Thread-26] WARN  FloatLine: Parameter is null
2026-07-02 17:20:58.012 [Thread-26] WARN  FloatLine: Parameter is null
2026-07-02 17:20:58.014 [Thread-26] WARN  FloatLine: Parameter is null
2026-07-02 17:20:59.318 [Thread-26] WARN  FloatLine: Parameter is null
2026-07-02 17:20:59.319 [Thread-26] WARN  FloatLine: Parameter is null
2026-07-02 17:21:00.600 [Thread-26] WARN  FloatLine: Parameter is null
2026-07-02 17:21:00.601 [Thread-26] WARN  FloatLine: Parameter is null
2026-07-02 17:21:01.922 [Thread-26] WARN  FloatLine: Parameter is null
2026-07-02 17:21:01.923 [Thread-26] WARN  FloatLine: Parameter is null
2026-07-02 17:21:03.262 [Thread-26] WARN  FloatLine: Parameter is null
2026-07-02 17:21:03.262 [Thread-26] WARN  FloatLine: Parameter is null
2026-07-02 17:21:04.568 [Thread-26] WARN  FloatLine: Parameter is null
2026-07-02 17:21:04.569 [Thread-26] WARN  FloatLine: Parameter is null
2026-07-02 17:21:05.868 [Thread-26] WARN  FloatLine: Parameter is null
2026-07-02 17:21:05.868 [Thread-26] WARN  FloatLine: Parameter is null
2026-07-02 17:21:07.177 [Thread-26] WARN  FloatLine: Parameter is null
2026-07-02 17:21:07.178 [Thread-26] WARN  FloatLine: Parameter is null
2026-07-02 17:21:08.483 [Thread-26] WARN  FloatLine: Parameter is null
2026-07-02 17:21:08.483 [Thread-26] WARN  FloatLine: Parameter is null
2026-07-02 17:21:09.778 [Thread-26] WARN  FloatLine: Parameter is null
2026-07-02 17:21:09.778 [Thread-26] WARN  FloatLine: Parameter is null
2026-07-02 17:21:11.058 [Thread-26] WARN  FloatLine: Parameter is null
2026-07-02 17:21:11.059 [Thread-26] WARN  FloatLine: Parameter is null
2026-07-02 17:21:12.334 [Thread-26] WARN  FloatLine: Parameter is null
2026-07-02 17:21:12.334 [Thread-26] WARN  FloatLine: Parameter is null
2026-07-02 17:21:13.624 [Thread-26] WARN  FloatLine: Parameter is null
2026-07-02 17:21:13.625 [Thread-26] WARN  FloatLine: Parameter is null
2026-07-02 17:21:14.901 [Thread-26] WARN  FloatLine: Parameter is null
2026-07-02 17:21:14.902 [Thread-26] WARN  FloatLine: Parameter is null
2026-07-02 17:21:16.184 [Thread-26] WARN  FloatLine: Parameter is null
2026-07-02 17:21:16.185 [Thread-26] WARN  FloatLine: Parameter is null
2026-07-02 17:21:17.472 [Thread-26] WARN  FloatLine: Parameter is null
2026-07-02 17:21:17.473 [Thread-26] WARN  FloatLine: Parameter is null
2026-07-02 17:21:18.750 [Thread-26] WARN  FloatLine: Parameter is null
2026-07-02 17:21:18.750 [Thread-26] WARN  FloatLine: Parameter is null
2026-07-02 17:21:20.037 [Thread-26] WARN  There were only 2.00 changes in the last 20 passes, so it's very likely that autorouter can't improve the result much further. It is recommended to stop it and finish the board manually.
2026-07-02 17:21:20.060 [Thread-26] WARN  FloatLine: Parameter is null
2026-07-02 17:21:20.061 [Thread-26] WARN  FloatLine: Parameter is null
2026-07-02 17:21:21.352 [Thread-26] WARN  FloatLine: Parameter is null
2026-07-02 17:21:21.353 [Thread-26] WARN  FloatLine: Parameter is null
2026-07-02 17:21:22.625 [Thread-26] WARN  FloatLine: Parameter is null
2026-07-02 17:21:22.626 [Thread-26] WARN  FloatLine: Parameter is null
2026-07-02 17:21:23.898 [Thread-26] WARN  FloatLine: Parameter is null
2026-07-02 17:21:23.899 [Thread-26] WARN  FloatLine: Parameter is null
2026-07-02 17:21:25.176 [Thread-26] WARN  FloatLine: Parameter is null
2026-07-02 17:21:25.177 [Thread-26] WARN  FloatLine: Parameter is null
2026-07-02 17:21:26.456 [Thread-26] WARN  FloatLine: Parameter is null
2026-07-02 17:21:26.457 [Thread-26] WARN  FloatLine: Parameter is null
2026-07-02 17:21:27.890 [Thread-26] WARN  FloatLine: Parameter is null
2026-07-02 17:21:27.891 [Thread-26] WARN  FloatLine: Parameter is null
2026-07-02 17:21:29.167 [Thread-26] WARN  FloatLine: Parameter is null
2026-07-02 17:21:29.168 [Thread-26] WARN  FloatLine: Parameter is null
2026-07-02 17:21:30.448 [Thread-26] WARN  FloatLine: Parameter is null
2026-07-02 17:21:30.449 [Thread-26] WARN  FloatLine: Parameter is null
2026-07-02 17:21:31.669 [Thread-26] WARN  FloatLine: Parameter is null
2026-07-02 17:21:31.670 [Thread-26] WARN  FloatLine: Parameter is null
2026-07-02 17:21:32.953 [Thread-26] WARN  FloatLine: Parameter is null
2026-07-02 17:21:32.953 [Thread-26] WARN  FloatLine: Parameter is null
2026-07-02 17:21:34.221 [Thread-26] WARN  FloatLine: Parameter is null
2026-07-02 17:21:34.222 [Thread-26] WARN  FloatLine: Parameter is null
2026-07-02 17:21:35.500 [Thread-26] WARN  FloatLine: Parameter is null
2026-07-02 17:21:35.501 [Thread-26] WARN  FloatLine: Parameter is null
2026-07-02 17:21:36.785 [Thread-26] WARN  FloatLine: Parameter is null
2026-07-02 17:21:36.786 [Thread-26] WARN  FloatLine: Parameter is null
2026-07-02 17:21:38.060 [Thread-26] WARN  FloatLine: Parameter is null
2026-07-02 17:21:38.060 [Thread-26] WARN  FloatLine: Parameter is null
2026-07-02 17:21:39.333 [Thread-26] WARN  FloatLine: Parameter is null
2026-07-02 17:21:39.334 [Thread-26] WARN  FloatLine: Parameter is null
2026-07-02 17:21:40.592 [Thread-26] WARN  FloatLine: Parameter is null
2026-07-02 17:21:40.593 [Thread-26] WARN  FloatLine: Parameter is null
2026-07-02 17:21:41.871 [Thread-26] WARN  FloatLine: Parameter is null
2026-07-02 17:21:41.871 [Thread-26] WARN  FloatLine: Parameter is null
2026-07-02 17:21:43.146 [Thread-26] WARN  FloatLine: Parameter is null
2026-07-02 17:21:43.147 [Thread-26] WARN  FloatLine: Parameter is null
2026-07-02 17:21:44.372 [Thread-26] INFO  Auto-routing was completed in 52.90 seconds.
2026-07-02 17:21:44.475 [Thread-26] INFO  Starting route optimization on 1 thread...
2026-07-02 17:21:46.246 [Thread-26] INFO  Route optimization was completed in 1.77 seconds and it improved the design by ~0.00%.
2026-07-02 17:21:46.257 [Thread-26] INFO  Saving 'wigglecam.ses'...
2026-07-02 17:26:10.667 [main] INFO  Freerouting v1.9.0 (build-date: 2023-10-30)
2026-07-02 17:26:10.692 [main] INFO  Settings were loaded from freerouting.json
2026-07-02 17:26:11.726 [main] INFO  Opening 'wigglecam.dsn'...
2026-07-02 17:26:12.104 [ForkJoinPool.commonPool-worker-1] INFO  New version available: v2.2.4
2026-07-02 17:26:33.833 [Thread-26] INFO  Starting auto-routing...
2026-07-02 17:26:33.920 [Thread-26] WARN  FloatLine: Parameter is null
2026-07-02 17:26:33.928 [Thread-26] WARN  FloatLine: Parameter is null
2026-07-02 17:26:33.934 [Thread-26] WARN  FloatLine: Parameter is null
2026-07-02 17:26:33.941 [Thread-26] WARN  FloatLine: Parameter is null
2026-07-02 17:26:33.943 [Thread-26] WARN  FloatLine: Parameter is null
2026-07-02 17:26:36.202 [Thread-26] WARN  FloatLine: Parameter is null
2026-07-02 17:26:38.149 [Thread-26] WARN  FloatLine: Parameter is null
2026-07-02 17:26:40.186 [Thread-26] WARN  FloatLine: Parameter is null
2026-07-02 17:26:42.056 [Thread-26] WARN  FloatLine: Parameter is null
2026-07-02 17:26:42.889 [Thread-26] WARN  FloatLine: Parameter is null
2026-07-02 17:26:44.709 [Thread-26] WARN  FloatLine: Parameter is null
2026-07-02 17:26:45.642 [Thread-26] WARN  FloatLine: Parameter is null
2026-07-02 17:26:47.172 [Thread-26] WARN  FloatLine: Parameter is null
2026-07-02 17:26:49.342 [Thread-26] WARN  FloatLine: Parameter is null
2026-07-02 17:26:50.308 [Thread-26] WARN  FloatLine: Parameter is null
2026-07-02 17:26:51.527 [Thread-26] WARN  FloatLine: Parameter is null
2026-07-02 17:26:51.878 [Thread-26] WARN  FloatLine: Parameter is null
2026-07-02 17:26:52.902 [Thread-26] WARN  FloatLine: Parameter is null
2026-07-02 17:26:54.227 [Thread-26] WARN  FloatLine: Parameter is null
2026-07-02 17:26:55.287 [Thread-26] WARN  FloatLine: Parameter is null
2026-07-02 17:26:56.420 [Thread-26] WARN  FloatLine: Parameter is null
2026-07-02 17:26:57.240 [Thread-26] WARN  FloatLine: Parameter is null
2026-07-02 17:26:57.927 [Thread-26] WARN  FloatLine: Parameter is null
2026-07-02 17:26:58.822 [Thread-26] WARN  FloatLine: Parameter is null
2026-07-02 17:27:00.082 [Thread-26] WARN  FloatLine: Parameter is null
2026-07-02 17:27:00.579 [Thread-26] WARN  FloatLine: Parameter is null
2026-07-02 17:27:01.533 [Thread-26] WARN  FloatLine: Parameter is null
2026-07-02 17:27:02.425 [Thread-26] WARN  FloatLine: Parameter is null
2026-07-02 17:27:03.766 [Thread-26] WARN  FloatLine: Parameter is null
2026-07-02 17:27:03.966 [Thread-26] WARN  FloatLine: Parameter is null
2026-07-02 17:27:03.988 [Thread-26] INFO  Auto-routing was completed in 30.15 seconds.
2026-07-02 17:27:04.099 [Thread-26] INFO  Starting route optimization on 1 thread...
2026-07-02 17:27:06.419 [Thread-26] INFO  Route optimization was completed in 2.32 seconds.
2026-07-02 17:27:06.426 [Thread-26] INFO  Saving 'wigglecam.ses'...
2026-07-02 17:28:24.872 [main] INFO  Freerouting v1.9.0 (build-date: 2023-10-30)
2026-07-02 17:28:24.891 [main] INFO  Settings were loaded from freerouting.json
2026-07-02 17:28:25.914 [main] INFO  Opening 'wigglecam.dsn'...
2026-07-02 17:28:26.238 [ForkJoinPool.commonPool-worker-1] INFO  New version available: v2.2.4
2026-07-02 17:28:47.824 [Thread-26] INFO  Starting auto-routing...
2026-07-02 17:28:47.917 [Thread-26] WARN  FloatLine: Parameter is null
2026-07-02 17:28:47.921 [Thread-26] WARN  FloatLine: Parameter is null
2026-07-02 17:28:47.924 [Thread-26] WARN  FloatLine: Parameter is null
2026-07-02 17:28:47.928 [Thread-26] WARN  FloatLine: Parameter is null
2026-07-02 17:28:47.933 [Thread-26] WARN  FloatLine: Parameter is null
2026-07-02 17:28:49.935 [Thread-26] WARN  FloatLine: Parameter is null
2026-07-02 17:28:51.610 [Thread-26] WARN  FloatLine: Parameter is null
2026-07-02 17:28:52.708 [Thread-26] WARN  FloatLine: Parameter is null
2026-07-02 17:28:54.362 [Thread-26] WARN  FloatLine: Parameter is null
2026-07-02 17:28:55.264 [Thread-26] WARN  FloatLine: Parameter is null
2026-07-02 17:28:56.732 [Thread-26] WARN  FloatLine: Parameter is null
2026-07-02 17:28:57.549 [Thread-26] WARN  FloatLine: Parameter is null
2026-07-02 17:28:58.316 [Thread-26] WARN  FloatLine: Parameter is null
2026-07-02 17:28:58.798 [Thread-26] WARN  FloatLine: Parameter is null
2026-07-02 17:28:59.772 [Thread-26] WARN  FloatLine: Parameter is null
2026-07-02 17:29:00.553 [Thread-26] WARN  FloatLine: Parameter is null
2026-07-02 17:29:01.330 [Thread-26] WARN  FloatLine: Parameter is null
2026-07-02 17:29:01.817 [Thread-26] WARN  FloatLine: Parameter is null
2026-07-02 17:29:01.949 [Thread-26] WARN  FloatLine: Parameter is null
2026-07-02 17:29:01.956 [Thread-26] INFO  Auto-routing was completed in 14.13 seconds.
2026-07-02 17:29:02.061 [Thread-26] INFO  Starting route optimization on 1 thread...
2026-07-02 17:29:04.404 [Thread-26] INFO  Route optimization was completed in 2.34 seconds.
2026-07-02 17:29:04.412 [Thread-26] INFO  Saving 'wigglecam.ses'...
2026-07-02 17:30:17.414 [main] INFO  Freerouting v1.9.0 (build-date: 2023-10-30)
2026-07-02 17:30:17.438 [main] INFO  Settings were loaded from freerouting.json
2026-07-02 17:30:18.462 [main] INFO  Opening 'wigglecam.dsn'...
2026-07-02 17:30:18.811 [ForkJoinPool.commonPool-worker-1] INFO  New version available: v2.2.4
2026-07-02 17:30:40.185 [Thread-26] INFO  Starting auto-routing...
2026-07-02 17:30:40.276 [Thread-26] WARN  FloatLine: Parameter is null
2026-07-02 17:30:40.278 [Thread-26] WARN  FloatLine: Parameter is null
2026-07-02 17:30:40.280 [Thread-26] WARN  FloatLine: Parameter is null
2026-07-02 17:30:40.284 [Thread-26] WARN  FloatLine: Parameter is null
2026-07-02 17:30:40.287 [Thread-26] WARN  FloatLine: Parameter is null
2026-07-02 17:30:42.950 [Thread-26] WARN  FloatLine: Parameter is null
2026-07-02 17:30:44.633 [Thread-26] WARN  FloatLine: Parameter is null
2026-07-02 17:30:46.682 [Thread-26] WARN  FloatLine: Parameter is null
2026-07-02 17:30:48.321 [Thread-26] WARN  FloatLine: Parameter is null
2026-07-02 17:30:49.783 [Thread-26] WARN  FloatLine: Parameter is null
2026-07-02 17:30:51.055 [Thread-26] WARN  FloatLine: Parameter is null
2026-07-02 17:30:52.655 [Thread-26] WARN  FloatLine: Parameter is null
2026-07-02 17:30:54.014 [Thread-26] WARN  FloatLine: Parameter is null
2026-07-02 17:30:55.182 [Thread-26] WARN  FloatLine: Parameter is null
2026-07-02 17:30:56.440 [Thread-26] WARN  FloatLine: Parameter is null
2026-07-02 17:30:57.480 [Thread-26] WARN  FloatLine: Parameter is null
2026-07-02 17:30:58.205 [Thread-26] WARN  FloatLine: Parameter is null
2026-07-02 17:30:59.230 [Thread-26] WARN  FloatLine: Parameter is null
2026-07-02 17:31:00.639 [Thread-26] WARN  FloatLine: Parameter is null
2026-07-02 17:31:01.821 [Thread-26] WARN  FloatLine: Parameter is null
2026-07-02 17:31:02.854 [Thread-26] WARN  FloatLine: Parameter is null
2026-07-02 17:31:03.701 [Thread-26] WARN  FloatLine: Parameter is null
2026-07-02 17:31:04.169 [Thread-26] WARN  FloatLine: Parameter is null
2026-07-02 17:31:04.472 [Thread-26] WARN  FloatLine: Parameter is null
2026-07-02 17:31:05.237 [Thread-26] WARN  FloatLine: Parameter is null
2026-07-02 17:31:05.521 [Thread-26] WARN  FloatLine: Parameter is null
2026-07-02 17:31:05.796 [Thread-26] WARN  FloatLine: Parameter is null
2026-07-02 17:31:06.060 [Thread-26] WARN  FloatLine: Parameter is null
2026-07-02 17:31:06.315 [Thread-26] WARN  FloatLine: Parameter is null
2026-07-02 17:31:06.573 [Thread-26] WARN  FloatLine: Parameter is null
2026-07-02 17:31:06.818 [Thread-26] WARN  FloatLine: Parameter is null
2026-07-02 17:31:07.050 [Thread-26] WARN  There were only 19.05 changes in the last 20 passes, so it's very likely that autorouter can't improve the result much further. It is recommended to stop it and finish the board manually.
2026-07-02 17:31:07.063 [Thread-26] WARN  FloatLine: Parameter is null
2026-07-02 17:31:07.308 [Thread-26] WARN  FloatLine: Parameter is null
2026-07-02 17:31:07.562 [Thread-26] WARN  FloatLine: Parameter is null
2026-07-02 17:31:07.826 [Thread-26] WARN  FloatLine: Parameter is null
2026-07-02 17:31:08.088 [Thread-26] WARN  FloatLine: Parameter is null
2026-07-02 17:31:08.353 [Thread-26] WARN  FloatLine: Parameter is null
2026-07-02 17:31:08.625 [Thread-26] WARN  FloatLine: Parameter is null
2026-07-02 17:31:08.912 [Thread-26] WARN  FloatLine: Parameter is null
2026-07-02 17:31:09.192 [Thread-26] WARN  FloatLine: Parameter is null
2026-07-02 17:31:09.470 [Thread-26] WARN  FloatLine: Parameter is null
2026-07-02 17:31:09.748 [Thread-26] WARN  FloatLine: Parameter is null
2026-07-02 17:31:10.021 [Thread-26] WARN  FloatLine: Parameter is null
2026-07-02 17:31:10.278 [Thread-26] WARN  FloatLine: Parameter is null
2026-07-02 17:31:10.518 [Thread-26] INFO  Auto-routing was completed in 30.33 seconds.
2026-07-02 17:31:10.619 [Thread-26] INFO  Starting route optimization on 1 thread...
2026-07-02 17:31:12.871 [Thread-26] INFO  Route optimization was completed in 2.25 seconds.
2026-07-02 17:31:12.878 [Thread-26] INFO  Saving 'wigglecam.ses'...
2026-07-02 17:31:51.658 [main] INFO  Freerouting v1.9.0 (build-date: 2023-10-30)
2026-07-02 17:31:51.678 [main] INFO  Settings were loaded from freerouting.json
2026-07-02 17:31:52.702 [main] INFO  Opening 'wigglecam.dsn'...
2026-07-02 17:31:53.087 [ForkJoinPool.commonPool-worker-1] INFO  New version available: v2.2.4
2026-07-02 17:31:53.237 [main] WARN  Multiple vias skipped at (1242880, -1102950)
2026-07-02 17:45:27.303 [main] INFO  Freerouting v1.9.0 (build-date: 2023-10-30)
2026-07-02 17:45:27.329 [main] INFO  Settings were loaded from freerouting.json
2026-07-02 17:45:28.349 [main] INFO  Opening 'wigglecam.dsn'...
2026-07-02 17:45:28.726 [ForkJoinPool.commonPool-worker-1] INFO  New version available: v2.2.4
2026-07-02 17:45:28.987 [main] WARN  Multiple vias skipped at (1242880, -1102950)
